"../../../Engine/Content/EditorLandscapeResources/DataLayer.uasset" 0
"../../../Engine/Content/EditorMaterials/GizmoMaterial.uasset" 1
"../../../Engine/Content/EditorMaterials/MAT_Groups_Toggle.uasset" 2
"../../../Engine/Content/EditorMaterials/MAT_Groups_Visibility.uasset" 3
"../../../Engine/Content/EditorMaterials/PreviewShadowIndicator.uasset" 4
"../../../Engine/Content/EditorMaterials/PreviewShadowIndicatorMaterial.uasset" 5
"../../../Engine/Content/EditorMaterials/AssetViewer/EpicQuadPanorama_CC+EV1.uasset" 6
"../../../Engine/Content/EditorMaterials/MatineeGroups/MAT_ColorTrack.uasset" 7
"../../../Engine/Content/EditorMaterials/MatineeGroups/MAT_Groups_Anim.uasset" 8
"../../../Engine/Content/EditorMaterials/MatineeGroups/MAT_Groups_AudioMaster.uasset" 9
"../../../Engine/Content/EditorMaterials/MatineeGroups/MAT_Groups_Director.uasset" 10
"../../../Engine/Content/EditorMaterials/MatineeGroups/MAT_Groups_Event.uasset" 11
"../../../Engine/Content/EditorMaterials/MatineeGroups/MAT_Groups_Fade.uasset" 12
"../../../Engine/Content/EditorMaterials/MatineeGroups/MAT_Groups_Float.uasset" 13
"../../../Engine/Content/EditorMaterials/MatineeGroups/MAT_Groups_Move.uasset" 14
"../../../Engine/Content/EditorMaterials/MatineeGroups/MAT_Groups_Slomo.uasset" 15
"../../../Engine/Content/EditorMaterials/MatineeGroups/MAT_Groups_Sound.uasset" 16
"../../../Engine/Content/EditorMaterials/MatineeGroups/MAT_Groups_Vector.uasset" 17
"../../../Engine/Content/EditorMaterials/ParticleSystems/PSysThumbnail_NoImage.uasset" 18
"../../../Engine/Content/EditorMaterials/ParticleSystems/PSysThumbnail_OOD.uasset" 19
"../../../Engine/Content/EditorMaterials/Camera/CineMat.uasset" 20
"../../../Engine/Content/EditorMaterials/Camera/MI_CineMat_Rig.uasset" 21
"../../../Engine/Content/EditorMeshes/Camera/SM_CraneRig_Arm.uasset" 22
"../../../Engine/Content/EditorMeshes/Camera/SM_CraneRig_Base.uasset" 23
"../../../Engine/Content/EditorMeshes/Camera/SM_CraneRig_Body.uasset" 24
"../../../Engine/Content/EditorMeshes/Camera/SM_CraneRig_Mount.uasset" 25
"../../../Engine/Content/EditorMeshes/Camera/SM_RailRig_Mount.uasset" 26
"../../../Engine/Content/EditorMeshes/Camera/SM_RailRig_Track.uasset" 27
"../../../Engine/Content/EditorResources/BSPVertex.uasset" 28
"../../../Engine/Content/EditorResources/EmptyActor.uasset" 29
"../../../Engine/Content/EditorResources/RGBTable16x1_AssetViewer.uasset" 30
"../../../Engine/Content/EditorResources/S_Actor.uasset" 31
"../../../Engine/Content/EditorResources/S_Trigger.uasset" 32
"../../../Engine/Content/EditorResources/AudioIcons/S_AudioComponent.uasset" 33
"../../../Engine/Content/EditorResources/AudioIcons/S_AudioComponent_AutoActivate.uasset" 34
"../../../Engine/Content/EditorResources/LightIcons/S_LightError.uasset" 35
"../../../Engine/Content/EditorResources/SequenceRecorder/Countdown.uasset" 36
"../../../Engine/Content/EditorResources/SequenceRecorder/RecordingIndicator.uasset" 37
"../../../Engine/Content/EditorSounds/Notifications/CompileFailed.uasset" 38
"../../../Engine/Content/EditorSounds/Notifications/CompileFailed_Cue.uasset" 39
"../../../Engine/Content/EditorSounds/Notifications/CompileSuccess.uasset" 40
"../../../Engine/Content/EditorSounds/Notifications/CompileStart_Cue.uasset" 41
"../../../Engine/Content/EditorSounds/Notifications/CompileSuccess_Cue.uasset" 42
"../../../Engine/Content/EngineDamageTypes/DmgTypeBP_Environmental.uasset" 43
"../../../Engine/Content/EngineDebugMaterials/HeatmapGradient.uasset" 44
"../../../Engine/Content/EngineDebugMaterials/BoneWeightMaterial.uasset" 45
"../../../Engine/Content/EngineDebugMaterials/DebugMeshMaterial.uasset" 46
"../../../Engine/Content/EngineDebugMaterials/GeomMaterial.uasset" 47
"../../../Engine/Content/EngineFonts/Roboto.uasset" 48
"../../../Engine/Content/EngineFonts/RobotoTiny.uasset" 49
"../../../Engine/Content/EngineMaterials/DefaultBokeh.uasset" 50
"../../../Engine/Content/EngineMaterials/DefaultDiffuse.uasset" 51
"../../../Engine/Content/EngineMaterials/DefaultDeferredDecalMaterial.uasset" 52
"../../../Engine/Content/EngineMaterials/DefaultLightFunctionMaterial.uasset" 53
"../../../Engine/Content/Functions/Engine_MaterialFunctions02/Utility/BreakOutFloat2Components.uasset" 54
"../../../Engine/Content/EngineMaterials/DefaultPostProcessMaterial.uasset" 55
"../../../Engine/Content/EngineFonts/RobotoDistanceField.uasset" 56
"../../../Engine/Content/EngineMaterials/DefaultTextMaterialOpaque.uasset" 57
"../../../Engine/Content/EngineMaterials/DefaultWhiteGrid.uasset" 58
"../../../Engine/Content/EngineMaterials/EditorBrushMaterial.uasset" 59
"../../../Engine/Content/EngineMaterials/MiniFont.uasset" 60
"../../../Engine/Content/EngineMaterials/InvalidLightmapSettings.uasset" 61
"../../../Engine/Content/EngineMaterials/M_InvalidLightmapSettings.uasset" 62
"../../../Engine/Content/EngineMaterials/PhAT_JointLimitMaterial.uasset" 63
"../../../Engine/Content/EngineMaterials/PreintegratedSkinBRDF.uasset" 64
"../../../Engine/Content/EngineMaterials/RemoveSurfaceMaterial.uasset" 65
"../../../Engine/Content/EngineMaterials/WeightMapPlaceholderTexture.uasset" 66
"../../../Engine/Content/EngineResources/WhiteSquareTexture.uasset" 67
"../../../Engine/Content/EngineMaterials/Widget3DPassThrough.uasset" 68
"../../../Engine/Content/EngineMaterials/Widget3DPassThrough_Masked.uasset" 69
"../../../Engine/Content/EngineMaterials/Widget3DPassThrough_Opaque.uasset" 70
"../../../Engine/Content/EngineMaterials/Widget3DPassThrough_Masked_OneSided.uasset" 71
"../../../Engine/Content/EngineMaterials/Widget3DPassThrough_Opaque_OneSided.uasset" 72
"../../../Engine/Content/EngineMaterials/Widget3DPassThrough_Translucent.uasset" 73
"../../../Engine/Content/EngineMaterials/Widget3DPassThrough_Translucent_OneSided.uasset" 74
"../../../Engine/Content/Functions/Engine_MaterialFunctions01/Opacity/CameraDepthFade.uasset" 75
"../../../Engine/Content/EngineMaterials/T_Default_Material_Grid_M.uasset" 76
"../../../Engine/Content/EngineMaterials/T_Default_Material_Grid_N.uasset" 77
"../../../Engine/Content/EngineMaterials/DefaultMaterial.uasset" 78
"../../../Engine/Content/EngineMeshes/Cylinder.uasset" 79
"../../../Engine/Content/EngineMeshes/Sphere.uasset" 80
"../../../Engine/Content/EngineResources/AICON-Green.uasset" 81
"../../../Engine/Content/EngineResources/AICON-Red.uasset" 82
"../../../Engine/Content/EngineResources/Black.uasset" 83
"../../../Engine/Content/EngineResources/DefaultTexture.uasset" 84
"../../../Engine/Content/EngineResources/DefaultTextureCube.uasset" 85
"../../../Engine/Content/EngineResources/GradientTexture0.uasset" 86
"../../../Engine/Content/EngineSounds/Master.uasset" 87
"../../../Engine/Content/EngineSounds/MasterSubmix.uasset" 88
"../../../Engine/Content/EngineTireTypes/DefaultTireType.uasset" 89
"../../../Engine/Content/Functions/Engine_MaterialFunctions01/Shading/ConvertFromDiffSpec.uasset" 90
"../../../Engine/Content/Functions/Engine_MaterialFunctions01/Shading/PowerToRoughness.uasset" 91
"../../../Engine/Content/Maps/Templates/Thumbnails/Default.uasset" 92
"../../../Engine/Content/Maps/Templates/Thumbnails/VR-Basic.uasset" 93
"../../../Engine/Content/MobileResources/T_MobileControls_texture.uasset" 94
"../../../Engine/Content/MobileResources/T_MobileMenu2.uasset" 95
"../../../Engine/Content/MobileResources/HUD/AnalogHat.uasset" 96
"../../../Engine/Content/MobileResources/HUD/VirtualJoystick_Background.uasset" 97
"../../../Engine/Content/MobileResources/HUD/VirtualJoystick_Thumb.uasset" 98
"../../../Engine/Content/MobileResources/HUD/DefaultVirtualJoysticks.uasset" 99
"../../../Engine/Content/MobileResources/HUD/LeftVirtualJoystickOnly.uasset" 100
"../../../Engine/Content/MobileResources/HUD/MobileHUDButton1_off.uasset" 101
"../../../Engine/Content/MobileResources/HUD/MobileHUDButton1_on.uasset" 102
"../../../Engine/Content/MobileResources/HUD/MobileHUDButton2_off.uasset" 103
"../../../Engine/Content/MobileResources/HUD/MobileHUDButton2_on.uasset" 104
"../../../Engine/Content/MobileResources/HUD/MobileHUDButton3.uasset" 105
"../../../Engine/Content/MobileResources/HUD/MobileHUDButtonFire.uasset" 106
"../../../Engine/Content/MobileResources/HUD/MobileHUDDirectionPad.uasset" 107
"../../../Engine/Content/MobileResources/HUD/MobileHUDDirectionPad2.uasset" 108
"../../../Engine/Content/MobileResources/HUD/MobileHUDDirectionPad3.uasset" 109
"../../../Engine/Content/MobileResources/HUD/MobileHUDDirectionStick.uasset" 110
"../../../Engine/Content/MobileResources/HUD/T_Castle_ThumbstickInner.uasset" 111
"../../../Engine/Content/MobileResources/HUD/T_Castle_ThumbstickOutter.uasset" 112
"../../../Engine/Content/Tutorial/ContentIntroCurve.uasset" 113
"../../../Engine/Content/Tutorial/Basics/LevelEditorAttract.uasset" 114
"../../../Engine/Content/Tutorial/Basics/TutorialAssets/icon_tab_Levels_40x.uasset" 115
"../../../Engine/Content/Tutorial/Basics/LevelEditorOverview.uasset" 116
"../../../Engine/Content/Tutorial/BlueprintTutorials/TutorialAssets/Blueprint_64x.uasset" 117
"../../../Engine/Content/Tutorial/BlueprintTutorials/BlueprintEditorTutorial.uasset" 118
"../../../Engine/Content/Tutorial/BlueprintTutorials/TutorialAssets/BlueprintInterface_64x.uasset" 119
"../../../Engine/Content/Tutorial/BlueprintTutorials/BlueprintInterfacesEditorOverview.uasset" 120
"../../../Engine/Content/Tutorial/BlueprintTutorials/TutorialAssets/BlueprintMacroLibrary_64x.uasset" 121
"../../../Engine/Content/Tutorial/BlueprintTutorials/BlueprintMacroLibrariesEditorOverview.uasset" 122
"../../../Engine/Content/Tutorial/BlueprintTutorials/LevelBlueprintEditorOverview.uasset" 123
"../../../Engine/Content/Tutorial/Foliage/TutorialAssets/Foliage.uasset" 124
"../../../Engine/Content/Tutorial/Foliage/Foliage_Intro_Tutorial.uasset" 125
"../../../Engine/Content/Tutorial/Paper2D/TutorialAssets/Paper2DFlipbook_TutorialIcon.uasset" 126
"../../../Engine/Content/Tutorial/Paper2D/FlipbookEditorTutorial.uasset" 127
"../../../Engine/Content/Tutorial/Paper2D/TutorialAssets/Paper2DSprite_TutorialIcon.uasset" 128
"../../../Engine/Content/Tutorial/Paper2D/SpriteEditorTutorial.uasset" 129
"../../../Engine/Content/Tutorial/SubEditors/DestructibleMeshEditorTutorial.uasset" 130
"../../../Engine/Content/Tutorial/SubEditors/MaterialEditorTutorial.uasset" 131
"../../../Engine/Content/Tutorial/SubEditors/ParticleSystemEditorTutorial.uasset" 132
"../../../Engine/Content/Tutorial/SubEditors/TutorialAssets/icon_ShowSkeletalMeshes_40x.uasset" 133
"../../../Engine/Content/Tutorial/SubEditors/PersonaAnimEditorWalkthrough.uasset" 134
"../../../Engine/Content/Tutorial/SubEditors/StaticMeshEditorTutorial.uasset" 135
"../../../Engine/Content/Tutorial/SubEditors/TutorialAssets/icon_Editor_Preferences_General_40x.uasset" 136
"../../../Engine/Content/VREditor/Devices/Generic/GenericHMDMaterial.uasset" 137
"../../../Engine/Content/VREditor/Devices/Generic/GenericHMD.uasset" 138
"../../../Engine/Content/VREditor/FloatingText/LineMaterial.uasset" 139
"../../../Engine/Content/VREditor/FloatingText/JointSphere.uasset" 140
"../../../Engine/Content/VREditor/FloatingText/LineSegmentCylinder.uasset" 141
"../../../Engine/Content/VREditor/Fonts/VRText_RobotoLarge.uasset" 142
"../../../Engine/Content/VREditor/Fonts/VRTextMaterial.uasset" 143
"../../../Engine/Content/VREditor/Fonts/TranslucentVRTextMaterial.uasset" 144
"../../../Engine/Content/VREditor/LaserPointer/VR_LaserPower_01.uasset" 145
"../../../Engine/Content/VREditor/LaserPointer/LaserPointerMaterial.uasset" 146
"../../../Engine/Content/VREditor/LaserPointer/LaserPointerMaterialInst.uasset" 147
"../../../Engine/Content/VREditor/LaserPointer/TranslucentLaserPointerMaterialInst.uasset" 148
"../../../Engine/Content/VREditor/LaserPointer/LaserPointerMesh.uasset" 149
"../../../Engine/Content/VREditor/Sounds/VR_grab_Cue.uasset" 150
"../../../Engine/Content/VREditor/Sounds/VR_teleport_Cue.uasset" 151
"../../../Engine/Content/VREditor/TransformGizmo/TransformGizmoMaterial.uasset" 152
"../../../Engine/Content/VREditor/TransformGizmo/TranslucentTransformGizmoMaterial.uasset" 153
"../../../Engine/Content/VREditor/TransformGizmo/BoundingBoxCorner.uasset" 154
"../../../Engine/Content/VREditor/TransformGizmo/BoundingBoxEdge.uasset" 155
"../../../Engine/Content/VREditor/TransformGizmo/PlaneTranslationHandle.uasset" 156
"../../../Engine/Content/VREditor/TransformGizmo/RotationHandle.uasset" 157
"../../../Engine/Content/VREditor/TransformGizmo/RotationHandleFull.uasset" 158
"../../../Engine/Content/VREditor/TransformGizmo/StretchingHandle.uasset" 159
"../../../Engine/Content/VREditor/TransformGizmo/TranslateHandleLong.uasset" 160
"../../../Engine/Content/VREditor/TransformGizmo/TranslationHandle.uasset" 161
"../../../Engine/Content/VREditor/TransformGizmo/UniformScaleHandle.uasset" 162
"../../../Engine/Content/VREditor/UI/CloseButtonMesh.uasset" 163
"../../../Engine/Content/VREditor/UI/SelectionBarMesh.uasset" 164
"../../../Engine/Content/Functions/Engine_MaterialFunctions01/Gradient/RadialGradient.uasset" 165
"../../../Engine/Content/VREditor/WorldMovementGrid/SimpleGrid.uasset" 166
"../../../Engine/Content/VREditor/WorldMovementGrid/GridMaterial.uasset" 167
"../../../Engine/Content/Functions/Engine_MaterialFunctions01/Density/ExponentialDensity.uasset" 168
"../../../Engine/Content/VREditor/WorldMovementGrid/GridPostProcess.uasset" 169
"../../../Engine/Content/EditorLandscapeResources/FlattenHeightMat.uasset" 170
"../../../Engine/Content/VREditor/WorldMovementGrid/PlaneMesh.uasset" 171
"../../../Engine/Content/BasicShapes/BasicShapeMaterial.uasset" 172
"../../../Engine/Content/EngineMaterials/WorldGridMaterial.uasset" 173
"../../../Engine/Content/BasicShapes/Cube.uasset" 174
"../../../Bachelor/Content/Cube5_Blueprint.uasset" 175
"../../../Bachelor/Content/Audio/Background/S_NatureSound_Cue.uasset" 176
"../../../Bachelor/Content/Audio/Background/CarSounds/S_carDrive.uasset" 177
"../../../Bachelor/Content/Audio/TestSounds/S_rec_2s_01.uasset" 178
"../../../Bachelor/Content/Geometry/Meshes/CubeMaterial.uasset" 179
"../../../Bachelor/Content/Geometry/Meshes/1M_Cube_Chamfer.uasset" 180
"../../../Bachelor/Content/Geometry/Meshes/TemplateFloor.uasset" 181
"../../../Bachelor/Content/Models/Road/T_asphalt_texture3645.uasset" 182
"../../../Bachelor/Content/Models/Road/M_Asphalt1.uasset" 183
"../../../Bachelor/Content/Models/Road/T_asphalt-texture00011-e1446467569573.uasset" 184
"../../../Bachelor/Content/Models/Road/M_Asphalt3.uasset" 185
"../../../Bachelor/Content/Models/Road/T_Dark-Asphalt-Seamless-Texture1.uasset" 186
"../../../Bachelor/Content/Models/Road/M_Asphalt4.uasset" 187
"../../../Bachelor/Content/Models/Road/T_asphalt-texture00011-e1446467569573__1_.uasset" 188
"../../../Bachelor/Content/Models/Road/T_asphalt_texture3728.uasset" 189
"../../../Bachelor/Content/Models/RoadTurnAndPedestrianCrossing/PedestrianCrossing/Fotgjengerovergang.uasset" 190
"../../../Engine/Content/MapTemplates/Sky/DaylightAmbientCubemap.uasset" 191
"../../../Bachelor/Content/StarterContent/Blueprints/Assets/M_LightStage_Skybox_Master.uasset" 192
"../../../Bachelor/Content/Models/StarterContent/Blueprints/Assets/M_LightStage_Skybox_Black.uasset" 193
"../../../Bachelor/Content/Models/StarterContent/Blueprints/Assets/M_LightStage_Skybox_Master.uasset" 194
"../../../Bachelor/Content/GamesBaseogState/GameState_Bachelor.uasset" 195
"../../../Bachelor/Content/Colors/M_DarkGreen.uasset" 196
"../../../Bachelor/Content/Colors/M_DarkRed.uasset" 197
"../../../Bachelor/Content/Colors/M_DarkYellow.uasset" 198
"../../../Bachelor/Content/Colors/M_LightGreen.uasset" 199
"../../../Bachelor/Content/Colors/M_LightRed.uasset" 200
"../../../Bachelor/Content/Colors/M_LightYellow.uasset" 201
"../../../Bachelor/Content/Colors/M_Pole.uasset" 202
"../../../Bachelor/Content/Models/TrafficLight/SM_TrafficLightasdas.uasset" 203
"../../../Bachelor/Content/Models/TrafficLight/TrafikklysDobbel_Blueprint.uasset" 204
"../../../Bachelor/Content/Models/TrafficLight/TrafikklysEnkel.uasset" 205
"../../../Bachelor/Content/Models/TrafficLight/trafikklysEnkel_Blueprint.uasset" 206
"../../../Bachelor/Content/Models/TrafficLight/TrafikklysFotgjengerEnkel.uasset" 207
"../../../Bachelor/Content/Models/TrafficLight/TrafikklysFotgjengerEnkel_Blueprint.uasset" 208
"../../../Bachelor/Content/Models/Trees/T_TexturesCom_Leaves0017_1_alphamasked_S.uasset" 209
"../../../Bachelor/Content/StarterContent/Materials/M_Basic_Wall.uasset" 210
"../../../Bachelor/Content/StarterContent/Architecture/Pillar_50x500.uasset" 211
"../../../Bachelor/Content/StarterContent/Architecture/Wall_400x300.uasset" 212
"../../../Bachelor/Content/StarterContent/Architecture/Wall_400x400.uasset" 213
"../../../Bachelor/Content/StarterContent/Architecture/Wall_500x500.uasset" 214
"../../../Bachelor/Content/StarterContent/Architecture/Wall_Door_400x400.uasset" 215
"../../../Bachelor/Content/StarterContent/Architecture/Wall_Window_400x400.uasset" 216
"../../../Bachelor/Content/StarterContent/Audio/Light01_Cue.uasset" 217
"../../../Bachelor/Content/StarterContent/Audio/Light02_Cue.uasset" 218
"../../../Bachelor/Content/StarterContent/Audio/Explosion_Cue.uasset" 219
"../../../Bachelor/Content/StarterContent/Textures/T_Burst_M.uasset" 220
"../../../Bachelor/Content/StarterContent/Particles/Materials/M_Burst.uasset" 221
"../../../Bachelor/Content/StarterContent/Textures/T_Explosion_SubUV.uasset" 222
"../../../Bachelor/Content/StarterContent/Particles/Materials/M_explosion_subUV.uasset" 223
"../../../Bachelor/Content/StarterContent/Particles/Materials/m_flare_01.uasset" 224
"../../../Bachelor/Content/StarterContent/Particles/Materials/M_radial_ramp.uasset" 225
"../../../Bachelor/Content/StarterContent/Textures/T_Smoke_SubUV.uasset" 226
"../../../Bachelor/Content/StarterContent/Textures/T_Smoke_Tiled_D.uasset" 227
"../../../Bachelor/Content/StarterContent/Particles/Materials/M_smoke_subUV.uasset" 228
"../../../Bachelor/Content/StarterContent/Particles/P_Explosion.uasset" 229
"../../../Bachelor/Content/StarterContent/Blueprints/Blueprint_Effect_Explosion.uasset" 230
"../../../Engine/Content/EditorMeshes/ColorCalibrator/T_ColorGrid.uasset" 231
"../../../Bachelor/Content/StarterContent/Materials/M_ColorGrid_LowSpec.uasset" 232
"../../../Bachelor/Content/StarterContent/Textures/T_Bush_D.uasset" 233
"../../../Bachelor/Content/StarterContent/Textures/T_Bush_N.uasset" 234
"../../../Bachelor/Content/StarterContent/Props/Materials/M_Bush.uasset" 235
"../../../Bachelor/Content/StarterContent/Props/SM_Bush.uasset" 236
"../../../Bachelor/Content/StarterContent/Textures/T_Chair_M.uasset" 237
"../../../Bachelor/Content/StarterContent/Textures/T_Chair_N.uasset" 238
"../../../Bachelor/Content/StarterContent/Props/Materials/M_Chair.uasset" 239
"../../../Bachelor/Content/StarterContent/Props/SM_Couch.uasset" 240
"../../../Bachelor/Content/StarterContent/Materials/M_Glass.uasset" 241
"../../../Bachelor/Content/StarterContent/Textures/T_Door_M.uasset" 242
"../../../Bachelor/Content/StarterContent/Textures/T_Door_N.uasset" 243
"../../../Bachelor/Content/StarterContent/Props/Materials/M_Door.uasset" 244
"../../../Bachelor/Content/StarterContent/Props/SM_Door.uasset" 245
"../../../Bachelor/Content/StarterContent/Props/Materials/M_MaterialSphere.uasset" 246
"../../../Bachelor/Content/StarterContent/Props/Materials/M_MaterialSphere_Plain.uasset" 247
"../../../Bachelor/Content/StarterContent/Props/SM_MatPreviewMesh_02.uasset" 248
"../../../Engine/Content/Functions/Engine_MaterialFunctions02/Utility/BlendAngleCorrectedNormals.uasset" 249
"../../../Bachelor/Content/StarterContent/Textures/T_Detail_Rocky_N.uasset" 250
"../../../Bachelor/Content/StarterContent/Textures/T_Rock_Basalt_D.uasset" 251
"../../../Bachelor/Content/StarterContent/Textures/T_RockMesh_M.uasset" 252
"../../../Bachelor/Content/StarterContent/Textures/T_RockMesh_N.uasset" 253
"../../../Bachelor/Content/StarterContent/Props/Materials/M_Rock.uasset" 254
"../../../Bachelor/Content/StarterContent/Props/SM_Rock.uasset" 255
"../../../Bachelor/Content/StarterContent/Textures/T_Shelf_M.uasset" 256
"../../../Bachelor/Content/StarterContent/Textures/T_Shelf_N.uasset" 257
"../../../Bachelor/Content/StarterContent/Props/Materials/M_Shelf.uasset" 258
"../../../Bachelor/Content/StarterContent/Props/SM_Shelf.uasset" 259
"../../../Bachelor/Content/StarterContent/Materials/M_Basic_Floor.uasset" 260
"../../../Bachelor/Content/StarterContent/Props/SM_Stairs.uasset" 261
"../../../Bachelor/Content/StarterContent/Shapes/Shape_Cone.uasset" 262
"../../../Bachelor/Content/StarterContent/Shapes/Shape_Cylinder.uasset" 263
"../../../Bachelor/Content/StarterContent/Shapes/Shape_NarrowCapsule.uasset" 264
"../../../Bachelor/Content/StarterContent/Shapes/Shape_Pipe.uasset" 265
"../../../Bachelor/Content/StarterContent/Shapes/Shape_Pipe_180.uasset" 266
"../../../Bachelor/Content/StarterContent/Shapes/Shape_Pipe_90.uasset" 267
"../../../Bachelor/Content/StarterContent/Shapes/Shape_Plane.uasset" 268
"../../../Bachelor/Content/StarterContent/Shapes/Shape_Torus.uasset" 269
"../../../Bachelor/Content/StarterContent/Shapes/Shape_Trim.uasset" 270
"../../../Bachelor/Content/StarterContent/Shapes/Shape_Trim_90_In.uasset" 271
"../../../Bachelor/Content/StarterContent/Shapes/Shape_Trim_90_Out.uasset" 272
"../../../Bachelor/Content/StarterContent/Shapes/Shape_TriPyramid.uasset" 273
"../../../Bachelor/Content/StarterContent/Shapes/Shape_Tube.uasset" 274
"../../../Bachelor/Content/StarterContent/Shapes/Shape_Wedge_A.uasset" 275
"../../../Bachelor/Content/StarterContent/Shapes/Shape_Wedge_B.uasset" 276
"../../../Bachelor/Content/StarterContent/Shapes/Shape_WideCapsule.uasset" 277
"../../../Bachelor/Content/Models/Vehicle/M_Car.uasset" 278
"../../../Bachelor/Content/Models/Vehicle/M_FrontLights.uasset" 279
"../../../Bachelor/Content/Models/Vehicle/M_Indicators.uasset" 280
"../../../Bachelor/Content/Models/Vehicle/M_Rims.uasset" 281
"../../../Bachelor/Content/Models/Vehicle/M_Tires.uasset" 282
"../../../Bachelor/Content/Models/Vehicle/M_Windows.uasset" 283
"../../../Bachelor/Content/Models/Vehicle/SM_car2_1.uasset" 284
"../../../Bachelor/Content/VehicleBlueprint/SM_VehicleTest.uasset" 285
"../../../Bachelor/Content/VirtualRealityBP/Blueprints/PickupActorInterface.uasset" 286
"../../../Bachelor/Content/VirtualReality/Materials/M_BaseMaterial.uasset" 287
"../../../Bachelor/Content/VirtualReality/Materials/MI_SmallCubes.uasset" 288
"../../../Bachelor/Content/Geometry/Meshes/1M_Cube.uasset" 289
"../../../Bachelor/Content/VirtualRealityBP/Blueprints/BP_PickupCube.uasset" 290
"../../../Engine/Content/Functions/Engine_MaterialFunctions01/Texturing/ScaleUVsByCenter.uasset" 291
"../../../Engine/Content/Functions/Engine_MaterialFunctions02/ScreenResolution.uasset" 292
"../../../Engine/Content/Functions/Engine_MaterialFunctions02/Texturing/ScreenAlignedUVs.uasset" 293
"../../../Engine/Content/Functions/Engine_MaterialFunctions02/Utility/CameraDirectionVector.uasset" 294
"../../../Engine/Content/Functions/Engine_MaterialFunctions02/Utility/DepthFromWorldPosition.uasset" 295
"../../../Bachelor/Content/VirtualReality/Materials/MF_OccludedPixels.uasset" 296
"../../../Bachelor/Content/VirtualReality/Materials/TeleportMCP.uasset" 297
"../../../Engine/Content/EngineMaterials/Good64x64TilingNoiseHighFreq.uasset" 298
"../../../Bachelor/Content/VirtualReality/Materials/M_ArcEndpoint.uasset" 299
"../../../Bachelor/Content/VirtualReality/Materials/M_TeleportPreviews.uasset" 300
"../../../Bachelor/Content/VirtualReality/Materials/MI_TeleportCylinderPreview.uasset" 301
"../../../Engine/Content/BasicShapes/Cylinder.uasset" 302
"../../../Bachelor/Content/VirtualReality/Meshes/BeaconDirection.uasset" 303
"../../../Bachelor/Content/VirtualReality/Meshes/SM_FatCylinder.uasset" 304
"../../../Bachelor/Content/VirtualRealityBP/Blueprints/HMDLocomotionPawn.uasset" 305
"../../../Engine/Plugins/2D/Paper2D/Content/DummySprite.uasset" 306
"../../../Engine/Plugins/2D/Paper2D/Content/DefaultPaperTerrainMaterial.uasset" 307
"../../../Engine/Plugins/2D/Paper2D/Content/DefaultSpriteMaterial.uasset" 308
"../../../Engine/Plugins/2D/Paper2D/Content/MaskedUnlitSpriteMaterial.uasset" 309
"../../../Engine/Plugins/2D/Paper2D/Content/OpaqueUnlitSpriteMaterial.uasset" 310
"../../../Engine/Plugins/2D/Paper2D/Content/PlaceholderTextures/DummySpriteTexture.uasset" 311
"../../../Bachelor/Content/StarterContent/Blueprints/Assets/FogBrightnessLUT.uasset" 312
"../../../Bachelor/Content/StarterContent/Blueprints/Assets/SunlightColorLUT.uasset" 313
"../../../Bachelor/Content/StarterContent/Blueprints/Assets/M_LightStage_Arrows.uasset" 314
"../../../Bachelor/Content/StarterContent/Blueprints/Assets/M_LightStage_Skybox_Black.uasset" 315
"../../../Bachelor/Content/StarterContent/Blueprints/Assets/M_LightStage_Skybox_HDRI.uasset" 316
"../../../Engine/Content/EditorMaterials/Thumbnails/SkySphereMaterial.uasset" 317
"../../../Bachelor/Content/StarterContent/Blueprints/Assets/Skybox.uasset" 318
"../../../Bachelor/Content/StarterContent/Blueprints/Assets/SM_Arrows.uasset" 319
"../../../Bachelor/Content/StarterContent/HDRI/HDRI_Epic_Courtyard_Daylight.uasset" 320
"../../../Bachelor/Content/StarterContent/Blueprints/BP_LightStudio.uasset" 321
"../../../Bachelor/Content/StarterContent/Materials/M_AssetPlatform.uasset" 322
"../../../Engine/Content/EditorMeshes/ColorCalibrator/M_ChromeBall.uasset" 323
"../../../Engine/Content/EditorMeshes/ColorCalibrator/M_ClearCoat.uasset" 324
"../../../Engine/Content/EditorMeshes/ColorCalibrator/M_ClearCoatBlack.uasset" 325
"../../../Engine/Content/EditorMeshes/ColorCalibrator/M_ColorGrid.uasset" 326
"../../../Engine/Content/EditorMeshes/ColorCalibrator/M_GreyBall.uasset" 327
"../../../Engine/Content/EditorMeshes/ColorCalibrator/SM_ColorCalibrator.uasset" 328
"../../../Bachelor/Content/StarterContent/Architecture/SM_AssetPlatform.uasset" 329
"../../../Bachelor/Content/StarterContent/Maps/Advanced_Lighting.umap" 330
"../../../Engine/Content/EditorBlueprintResources/StandardMacros.uasset" 331
"../../../Engine/Content/EngineSky/C_Sky_Cloud_Color.uasset" 332
"../../../Engine/Content/EngineSky/C_Sky_Horizon_Color.uasset" 333
"../../../Engine/Content/EngineSky/C_Sky_Zenith_Color.uasset" 334
"../../../Engine/Content/EngineSky/T_Sky_Blue.uasset" 335
"../../../Engine/Content/EngineSky/T_Sky_Clouds_M.uasset" 336
"../../../Engine/Content/EngineSky/T_Sky_Stars.uasset" 337
"../../../Engine/Content/EngineSky/M_Sky_Panning_Clouds2.uasset" 338
"../../../Engine/Content/EngineSky/SM_SkySphere.uasset" 339
"../../../Engine/Content/EngineSky/BP_Sky_Sphere.uasset" 340
"../../../Bachelor/Content/StarterContent/Textures/T_MacroVariation.uasset" 341
"../../../Bachelor/Content/StarterContent/Materials/M_Metal_Brushed_Nickel.uasset" 342
"../../../Bachelor/Content/StarterContent/Textures/T_Metal_Aluminum_D.uasset" 343
"../../../Bachelor/Content/StarterContent/Textures/T_Metal_Gold_N.uasset" 344
"../../../Bachelor/Content/StarterContent/Materials/M_Metal_Burnished_Steel.uasset" 345
"../../../Bachelor/Content/StarterContent/Textures/T_Metal_Copper_D.uasset" 346
"../../../Bachelor/Content/StarterContent/Materials/M_Metal_Copper.uasset" 347
"../../../Bachelor/Content/StarterContent/Textures/T_Statue_M.uasset" 348
"../../../Bachelor/Content/StarterContent/Textures/T_Statue_N.uasset" 349
"../../../Bachelor/Content/StarterContent/Props/Materials/M_StatueGlass.uasset" 350
"../../../Bachelor/Content/StarterContent/Architecture/Floor_400x400.uasset" 351
"../../../Bachelor/Content/StarterContent/Audio/Starter_Background_Cue.uasset" 352
"../../../Bachelor/Content/StarterContent/Props/SM_Chair.uasset" 353
"../../../Bachelor/Content/StarterContent/Props/Materials/M_Statue.uasset" 354
"../../../Bachelor/Content/StarterContent/Props/SM_Statue.uasset" 355
"../../../Bachelor/Content/StarterContent/Textures/T_TableRound_M.uasset" 356
"../../../Bachelor/Content/StarterContent/Textures/T_TableRound_N.uasset" 357
"../../../Bachelor/Content/StarterContent/Props/Materials/M_TableRound.uasset" 358
"../../../Bachelor/Content/StarterContent/Props/SM_TableRound.uasset" 359
"../../../Bachelor/Content/StarterContent/Maps/Minimal_Default.umap" 360
"../../../Bachelor/Content/StarterContent/Audio/Fire01_Cue.uasset" 361
"../../../Bachelor/Content/StarterContent/Textures/T_Fire_SubUV.uasset" 362
"../../../Bachelor/Content/StarterContent/Textures/T_Fire_Tiled_D.uasset" 363
"../../../Bachelor/Content/StarterContent/Particles/Materials/M_Fire_SubUV.uasset" 364
"../../../Bachelor/Content/StarterContent/Textures/T_Water_N.uasset" 365
"../../../Bachelor/Content/StarterContent/Particles/Materials/M_Heat_Distortion.uasset" 366
"../../../Bachelor/Content/StarterContent/Particles/Materials/M_Radial_Gradient.uasset" 367
"../../../Bachelor/Content/StarterContent/Particles/P_Fire.uasset" 368
"../../../Bachelor/Content/StarterContent/Blueprints/Blueprint_Effect_Fire.uasset" 369
"../../../Bachelor/Content/StarterContent/Audio/Smoke01_Cue.uasset" 370
"../../../Bachelor/Content/StarterContent/Particles/P_Smoke.uasset" 371
"../../../Bachelor/Content/StarterContent/Blueprints/Blueprint_Effect_Smoke.uasset" 372
"../../../Bachelor/Content/StarterContent/Audio/Fire_Sparks01_Cue.uasset" 373
"../../../Bachelor/Content/StarterContent/Textures/T_Spark_Core.uasset" 374
"../../../Bachelor/Content/StarterContent/Particles/Materials/M_Spark.uasset" 375
"../../../Bachelor/Content/StarterContent/Particles/P_Sparks.uasset" 376
"../../../Bachelor/Content/StarterContent/Blueprints/Blueprint_Effect_Sparks.uasset" 377
"../../../Bachelor/Content/StarterContent/Audio/Steam01_Cue.uasset" 378
"../../../Bachelor/Content/StarterContent/Particles/P_Steam_Lit.uasset" 379
"../../../Bachelor/Content/StarterContent/Blueprints/Blueprint_Effect_Steam.uasset" 380
"../../../Bachelor/Content/StarterContent/Textures/T_Lamp_M.uasset" 381
"../../../Bachelor/Content/StarterContent/Textures/T_Lamp_N.uasset" 382
"../../../Bachelor/Content/StarterContent/Props/Materials/M_Lamp.uasset" 383
"../../../Bachelor/Content/StarterContent/Props/SM_Lamp_Ceiling.uasset" 384
"../../../Bachelor/Content/StarterContent/Blueprints/Blueprint_CeilingLight.uasset" 385
"../../../Bachelor/Content/StarterContent/Props/SM_Lamp_Wall.uasset" 386
"../../../Bachelor/Content/StarterContent/Blueprints/Blueprint_WallSconce.uasset" 387
"../../../Engine/Content/Functions/Engine_MaterialFunctions03/Procedurals/ComputeFilterWidth.uasset" 388
"../../../Engine/Content/EngineMaterials/AntiAliasedTextMaterialTranslucent.uasset" 389
"../../../Bachelor/Content/StarterContent/Textures/T_Brick_Clay_Beveled_D.uasset" 390
"../../../Bachelor/Content/StarterContent/Textures/T_Brick_Clay_Beveled_M.uasset" 391
"../../../Bachelor/Content/StarterContent/Textures/T_Brick_Clay_Beveled_N.uasset" 392
"../../../Bachelor/Content/StarterContent/Materials/M_Brick_Clay_Beveled.uasset" 393
"../../../Bachelor/Content/StarterContent/Textures/T_Brick_Clay_New_D.uasset" 394
"../../../Bachelor/Content/StarterContent/Textures/T_Brick_Clay_New_M.uasset" 395
"../../../Bachelor/Content/StarterContent/Textures/T_Brick_Clay_New_N.uasset" 396
"../../../Bachelor/Content/StarterContent/Materials/M_Brick_Clay_New.uasset" 397
"../../../Bachelor/Content/StarterContent/Textures/T_Brick_Clay_Old_D.uasset" 398
"../../../Bachelor/Content/StarterContent/Textures/T_Brick_Clay_Old_N.uasset" 399
"../../../Bachelor/Content/StarterContent/Textures/T_Perlin_Noise_M.uasset" 400
"../../../Bachelor/Content/StarterContent/Materials/M_Brick_Clay_Old.uasset" 401
"../../../Bachelor/Content/StarterContent/Textures/T_Brick_Cut_Stone_D.uasset" 402
"../../../Bachelor/Content/StarterContent/Textures/T_Brick_Cut_Stone_N.uasset" 403
"../../../Bachelor/Content/StarterContent/Materials/M_Brick_Cut_Stone.uasset" 404
"../../../Bachelor/Content/StarterContent/Textures/T_Brick_Hewn_Stone_D.uasset" 405
"../../../Bachelor/Content/StarterContent/Textures/T_Brick_Hewn_Stone_M.uasset" 406
"../../../Bachelor/Content/StarterContent/Textures/T_Brick_Hewn_Stone_N.uasset" 407
"../../../Bachelor/Content/StarterContent/Materials/M_Brick_Hewn_Stone.uasset" 408
"../../../Bachelor/Content/StarterContent/Textures/T_Ceramic_Tile_M.uasset" 409
"../../../Bachelor/Content/StarterContent/Textures/T_Ceramic_Tile_N.uasset" 410
"../../../Bachelor/Content/StarterContent/Textures/T_Rock_Marble_Polished_D.uasset" 411
"../../../Bachelor/Content/StarterContent/Materials/M_Ceramic_Tile_Checker.uasset" 412
"../../../Bachelor/Content/StarterContent/Textures/T_CobbleStone_Pebble_D.uasset" 413
"../../../Bachelor/Content/StarterContent/Textures/T_CobbleStone_Pebble_M.uasset" 414
"../../../Bachelor/Content/StarterContent/Textures/T_CobbleStone_Pebble_N.uasset" 415
"../../../Bachelor/Content/StarterContent/Materials/M_CobbleStone_Pebble.uasset" 416
"../../../Bachelor/Content/StarterContent/Textures/T_CobbleStone_Rough_D.uasset" 417
"../../../Bachelor/Content/StarterContent/Textures/T_CobbleStone_Rough_N.uasset" 418
"../../../Bachelor/Content/StarterContent/Textures/T_Gradinet_01.uasset" 419
"../../../Bachelor/Content/StarterContent/Textures/T_Rock_Smooth_Granite_D.uasset" 420
"../../../Bachelor/Content/StarterContent/Materials/M_CobbleStone_Rough.uasset" 421
"../../../Bachelor/Content/StarterContent/Textures/T_CobbleStone_Smooth_D.uasset" 422
"../../../Bachelor/Content/StarterContent/Textures/T_CobbleStone_Smooth_M.uasset" 423
"../../../Bachelor/Content/StarterContent/Textures/T_CobbleStone_Smooth_N.uasset" 424
"../../../Bachelor/Content/StarterContent/Materials/M_CobbleStone_Smooth.uasset" 425
"../../../Bachelor/Content/StarterContent/Textures/T_Concrete_Grime_D.uasset" 426
"../../../Bachelor/Content/StarterContent/Textures/T_Metal_Rust_N.uasset" 427
"../../../Bachelor/Content/StarterContent/Materials/M_Concrete_Grime.uasset" 428
"../../../Bachelor/Content/StarterContent/Textures/T_Concrete_Panels_D.uasset" 429
"../../../Bachelor/Content/StarterContent/Textures/T_Concrete_Panels_N.uasset" 430
"../../../Bachelor/Content/StarterContent/Materials/M_Concrete_Panels.uasset" 431
"../../../Bachelor/Content/StarterContent/Textures/T_Concrete_Poured_D.uasset" 432
"../../../Bachelor/Content/StarterContent/Textures/T_Concrete_Poured_N.uasset" 433
"../../../Bachelor/Content/StarterContent/Materials/M_Concrete_Poured.uasset" 434
"../../../Bachelor/Content/StarterContent/Textures/T_Concrete_Tiles_D.uasset" 435
"../../../Bachelor/Content/StarterContent/Textures/T_Concrete_Tiles_M.uasset" 436
"../../../Bachelor/Content/StarterContent/Textures/T_Concrete_Tiles_N.uasset" 437
"../../../Bachelor/Content/StarterContent/Textures/T_Concrete_Tiles_Variation_M.uasset" 438
"../../../Bachelor/Content/StarterContent/Materials/M_Concrete_Tiles.uasset" 439
"../../../Bachelor/Content/StarterContent/Textures/T_Ground_Grass_D.uasset" 440
"../../../Bachelor/Content/StarterContent/Textures/T_Ground_Grass_N.uasset" 441
"../../../Bachelor/Content/StarterContent/Materials/M_Ground_Grass.uasset" 442
"../../../Bachelor/Content/StarterContent/Textures/T_Ground_Gravel_D.uasset" 443
"../../../Bachelor/Content/StarterContent/Textures/T_Ground_Gravel_N.uasset" 444
"../../../Bachelor/Content/StarterContent/Materials/M_Ground_Gravel.uasset" 445
"../../../Bachelor/Content/StarterContent/Textures/T_ground_Moss_D.uasset" 446
"../../../Bachelor/Content/StarterContent/Textures/T_Ground_Moss_N.uasset" 447
"../../../Bachelor/Content/StarterContent/Materials/M_Ground_Moss.uasset" 448
"../../../Bachelor/Content/StarterContent/Materials/M_Metal_Chrome.uasset" 449
"../../../Bachelor/Content/StarterContent/Textures/T_Metal_Gold_D.uasset" 450
"../../../Bachelor/Content/StarterContent/Materials/M_Metal_Gold.uasset" 451
"../../../Bachelor/Content/StarterContent/Textures/T_Metal_Rust_D.uasset" 452
"../../../Bachelor/Content/StarterContent/Materials/M_Metal_Rust.uasset" 453
"../../../Bachelor/Content/StarterContent/Textures/T_Metal_Steel_D.uasset" 454
"../../../Bachelor/Content/StarterContent/Textures/T_Metal_Steel_N.uasset" 455
"../../../Bachelor/Content/StarterContent/Materials/M_Metal_Steel.uasset" 456
"../../../Bachelor/Content/StarterContent/Textures/T_Rock_Basalt_N.uasset" 457
"../../../Bachelor/Content/StarterContent/Materials/M_Rock_Basalt.uasset" 458
"../../../Bachelor/Content/StarterContent/Materials/M_Rock_Marble_Polished.uasset" 459
"../../../Bachelor/Content/StarterContent/Textures/T_Rock_Sandstone_D.uasset" 460
"../../../Bachelor/Content/StarterContent/Textures/T_Rock_Sandstone_N.uasset" 461
"../../../Bachelor/Content/StarterContent/Materials/M_Rock_Sandstone.uasset" 462
"../../../Bachelor/Content/StarterContent/Textures/T_Rock_Slate_D.uasset" 463
"../../../Bachelor/Content/StarterContent/Textures/T_Rock_Slate_N.uasset" 464
"../../../Bachelor/Content/StarterContent/Materials/M_Rock_Slate.uasset" 465
"../../../Bachelor/Content/StarterContent/Textures/T_Checker_Noise_M.uasset" 466
"../../../Bachelor/Content/StarterContent/Textures/T_Single_Tile_N.uasset" 467
"../../../Bachelor/Content/StarterContent/Textures/T_Tech_Dot_M.uasset" 468
"../../../Bachelor/Content/StarterContent/Textures/T_Tech_Dot_N.uasset" 469
"../../../Bachelor/Content/StarterContent/Materials/M_Tech_Checker_Dot.uasset" 470
"../../../Bachelor/Content/StarterContent/Textures/T_Tech_Hex_Tile_M.uasset" 471
"../../../Bachelor/Content/StarterContent/Textures/T_Tech_Hex_Tile_N.uasset" 472
"../../../Bachelor/Content/StarterContent/Materials/M_Tech_Hex_Tile.uasset" 473
"../../../Bachelor/Content/StarterContent/Materials/M_Tech_Hex_Tile_Pulse.uasset" 474
"../../../Bachelor/Content/StarterContent/Textures/T_Tech_Panel_M.uasset" 475
"../../../Bachelor/Content/StarterContent/Textures/T_Tech_Panel_N.uasset" 476
"../../../Bachelor/Content/StarterContent/Materials/M_Tech_Panel.uasset" 477
"../../../Bachelor/Content/StarterContent/Materials/M_Water_Lake.uasset" 478
"../../../Bachelor/Content/StarterContent/Textures/T_Water_M.uasset" 479
"../../../Bachelor/Content/StarterContent/Materials/M_Water_Ocean.uasset" 480
"../../../Bachelor/Content/StarterContent/Textures/T_Wood_Floor_Walnut_D.uasset" 481
"../../../Bachelor/Content/StarterContent/Textures/T_Wood_Floor_Walnut_M.uasset" 482
"../../../Bachelor/Content/StarterContent/Textures/T_Wood_Floor_Walnut_N.uasset" 483
"../../../Bachelor/Content/StarterContent/Materials/M_Wood_Floor_Walnut_Polished.uasset" 484
"../../../Engine/Content/Functions/Engine_MaterialFunctions01/Opacity/AlphaOffset.uasset" 485
"../../../Bachelor/Content/StarterContent/Materials/M_Wood_Floor_Walnut_Worn.uasset" 486
"../../../Bachelor/Content/StarterContent/Textures/T_Wood_Oak_D.uasset" 487
"../../../Bachelor/Content/StarterContent/Textures/T_Wood_Oak_N.uasset" 488
"../../../Bachelor/Content/StarterContent/Materials/M_Wood_Oak.uasset" 489
"../../../Bachelor/Content/StarterContent/Textures/T_Wood_Pine_D.uasset" 490
"../../../Bachelor/Content/StarterContent/Textures/T_Wood_Pine_N.uasset" 491
"../../../Bachelor/Content/StarterContent/Materials/M_Wood_Pine.uasset" 492
"../../../Bachelor/Content/StarterContent/Textures/T_Wood_Walnut_D.uasset" 493
"../../../Bachelor/Content/StarterContent/Textures/T_Wood_Walnut_N.uasset" 494
"../../../Bachelor/Content/StarterContent/Materials/M_Wood_Walnut.uasset" 495
"../../../Bachelor/Content/StarterContent/Architecture/Wall_400x200.uasset" 496
"../../../Bachelor/Content/StarterContent/Architecture/Wall_Door_400x300.uasset" 497
"../../../Bachelor/Content/StarterContent/Architecture/Wall_Window_400x300.uasset" 498
"../../../Bachelor/Content/StarterContent/Audio/Collapse_Cue.uasset" 499
"../../../Bachelor/Content/StarterContent/Audio/Starter_Music_Cue.uasset" 500
"../../../Bachelor/Content/StarterContent/Textures/T_Dust_Particle_D.uasset" 501
"../../../Bachelor/Content/StarterContent/Particles/Materials/M_Dust_Particle.uasset" 502
"../../../Bachelor/Content/StarterContent/Particles/P_Ambient_Dust.uasset" 503
"../../../Bachelor/Content/StarterContent/Props/MaterialSphere.uasset" 504
"../../../Bachelor/Content/StarterContent/Textures/T_Frame_M.uasset" 505
"../../../Bachelor/Content/StarterContent/Textures/T_Frame_N.uasset" 506
"../../../Bachelor/Content/StarterContent/Props/Materials/M_Frame.uasset" 507
"../../../Bachelor/Content/StarterContent/Props/SM_CornerFrame.uasset" 508
"../../../Bachelor/Content/StarterContent/Props/SM_DoorFrame.uasset" 509
"../../../Bachelor/Content/StarterContent/Props/SM_GlassWindow.uasset" 510
"../../../Bachelor/Content/StarterContent/Props/SM_PillarFrame.uasset" 511
"../../../Bachelor/Content/StarterContent/Props/SM_PillarFrame300.uasset" 512
"../../../Bachelor/Content/StarterContent/Props/SM_WindowFrame.uasset" 513
"../../../Bachelor/Content/StarterContent/Shapes/Shape_Cube.uasset" 514
"../../../Bachelor/Content/StarterContent/Shapes/Shape_QuadPyramid.uasset" 515
"../../../Bachelor/Content/StarterContent/Shapes/Shape_Sphere.uasset" 516
"../../../Bachelor/Content/StarterContent/Maps/StarterMap.umap" 517
"../../../Bachelor/Content/GamesBaseogState/GameMode_Bachelor.uasset" 518
"../../../Bachelor/Content/Models/Character/M_CharacterBow.uasset" 519
"../../../Bachelor/Content/Models/Character/M_CharacterMouth.uasset" 520
"../../../Bachelor/Content/Models/Character/M_CharacterRed.uasset" 521
"../../../Engine/Content/BasicShapes/Cone.uasset" 522
"../../../Engine/Content/BasicShapes/Sphere.uasset" 523
"../../../Bachelor/Content/Audio/Feedback/S_AllRightLRL_Cue.uasset" 524
"../../../Bachelor/Content/Audio/Feedback/S_alt_feil_i_LRL_Cue.uasset" 525
"../../../Bachelor/Content/Audio/Feedback/S_CarStopped_cue.uasset" 526
"../../../Bachelor/Content/Audio/Feedback/S_CarStoppedCorrect_Cue.uasset" 527
"../../../Bachelor/Content/Audio/Feedback/S_CarWasntStill.uasset" 528
"../../../Bachelor/Content/Audio/Feedback/S_greenlight_Cue.uasset" 529
"../../../Bachelor/Content/Audio/Feedback/S_OneWrong_Cue.uasset" 530
"../../../Bachelor/Content/Audio/Feedback/S_redlight_Cue.uasset" 531
"../../../Bachelor/Content/Audio/Feedback/S_TwoWrong_Cue.uasset" 532
"../../../Bachelor/Content/Audio/Intro/S_demo_Cue.uasset" 533
"../../../Bachelor/Content/Audio/Intro/S_FinalWalkthrough_Cue.uasset" 534
"../../../Bachelor/Content/Audio/Intro/S_intro3_Cue.uasset" 535
"../../../Bachelor/Content/Audio/Intro/S_intro4Curb_Cue.uasset" 536
"../../../Bachelor/Content/Audio/Intro/S_Intro5LRLHowCorrect_Cue.uasset" 537
"../../../Bachelor/Content/Audio/Intro/S_intro_1_-_loght_Cue.uasset" 538
"../../../Bachelor/Content/Audio/Intro/S_intro_2_-_light_Cue.uasset" 539
"../../../Bachelor/Content/Audio/Intro/S_intro_2_Cue.uasset" 540
"../../../Bachelor/Content/Audio/Intro/S_intro_3_-_light_Cue.uasset" 541
"../../../Bachelor/Content/Audio/Intro/S_LRLWhy_Cue.uasset" 542
"../../../Bachelor/Content/Audio/Intro/S_TourTurn.uasset" 543
"../../../Bachelor/Content/Audio/Intro/SCENARIO_3_INTRO.uasset" 544
"../../../Bachelor/Content/Audio/TestSounds/S_accident.uasset" 545
"../../../Bachelor/Content/Models/Character/BP_Character.uasset" 546
"../../../Bachelor/Content/VirtualReality/Mannequin/Character/Mesh/MannequinHand_Right_Skeleton.uasset" 547
"../../../Bachelor/Content/VirtualReality/Mannequin/Animations/MannequinHand_Right_CanGrab.uasset" 548
"../../../Bachelor/Content/VirtualReality/Mannequin/Animations/MannequinHand_Right_Grab.uasset" 549
"../../../Bachelor/Content/VirtualReality/Mannequin/Animations/MannequinHand_Right_Open.uasset" 550
"../../../Bachelor/Content/VirtualReality/Mannequin/Animations/RightGrip_BS.uasset" 551
"../../../Bachelor/Content/VirtualRealityBP/Blueprints/GripEnum.uasset" 552
"../../../Bachelor/Content/VirtualReality/Mannequin/Animations/RightHand_AnimBP.uasset" 553
"../../../Bachelor/Content/VirtualReality/Materials/M_SplineArcMat.uasset" 554
"../../../Bachelor/Content/VirtualReality/Materials/MI_ChaperoneOutline.uasset" 555
"../../../Bachelor/Content/VirtualReality/Mannequin/Character/Textures/UE4_Mannequin__normals.uasset" 556
"../../../Bachelor/Content/VirtualReality/Mannequin/Character/Textures/UE4_Mannequin_MAT_MASKA.uasset" 557
"../../../Bachelor/Content/VirtualReality/Mannequin/Character/Materials/M_HandMat.uasset" 558
"../../../Bachelor/Content/VirtualReality/Mannequin/Character/Mesh/MannequinHand_Right_PhysicsAsset.uasset" 559
"../../../Bachelor/Content/VirtualReality/Mannequin/Character/Mesh/MannequinHand_Right.uasset" 560
"../../../Bachelor/Content/VirtualReality/Meshes/1x1_cube.uasset" 561
"../../../Bachelor/Content/VirtualReality/Meshes/BeamMesh.uasset" 562
"../../../Bachelor/Content/VirtualRealityBP/Blueprints/BP_MotionController.uasset" 563
"../../../Bachelor/Content/Audio/TestSounds/S_1aktivert.uasset" 564
"../../../Bachelor/Content/Audio/TestSounds/S_2aktivert.uasset" 565
"../../../Bachelor/Content/Audio/TestSounds/sjekkfulfort.uasset" 566
"../../../Bachelor/Content/VirtualRealityBP/Blueprints/MotionControllerPawn.uasset" 567
"../../../Bachelor/Content/VirtualRealityBP/Maps/MotionControllerMap_BuiltData.uasset" 568
"../../../Bachelor/Content/VirtualRealityBP/Maps/MotionControllerMap.umap" 569
"../../../Bachelor/Content/Models/Road/T_GreyWhite_S.uasset" 570
"../../../Bachelor/Content/Models/Road/M_Asphalt2.uasset" 571
"../../../Bachelor/Content/Models/Road/T_simple-tactile-fabric-texture-9.uasset" 572
"../../../Bachelor/Content/Models/Road/M_Asphalt5.uasset" 573
"../../../Bachelor/Content/Models/Road/T_Smoothed_Concrete_Grey_Holed_Plaster_UV_CM_1.uasset" 574
"../../../Bachelor/Content/Models/Road/M_Concrete1.uasset" 575
"../../../Bachelor/Content/Models/Road/BP_Road.uasset" 576
"../../../Bachelor/Content/Models/Road/M_White.uasset" 577
"../../../Bachelor/Content/Models/Road/BP_RoadWithX.uasset" 578
"../../../Bachelor/Content/Models/RoadSigns/T_RoadSign.uasset" 579
"../../../Bachelor/Content/Colors/M_gangfelt.uasset" 580
"../../../Bachelor/Content/Models/RoadSigns/BP_RoadSign.uasset" 581
"../../../Bachelor/Content/TriggerBoxes/BP_AtRoadCheck.uasset" 582
"../../../Bachelor/Content/TriggerBoxes/BP_FinishLine.uasset" 583
"../../../Bachelor/Content/TriggerBoxes/BP_FirstLeftCheck.uasset" 584
"../../../Bachelor/Content/TriggerBoxes/BP_RightCheck.uasset" 585
"../../../Bachelor/Content/TriggerBoxes/BP_SecondLeftCheck.uasset" 586
"../../../Bachelor/Content/TriggerBoxes/BP_TriggerboxRoad.uasset" 587
"../../../Bachelor/Content/TriggerBoxes/BP_TriggerboxRoad2.uasset" 588
"../../../Bachelor/Content/TriggerBoxes/BP_VarSaveBP.uasset" 589
"../../../Bachelor/Content/Audio/Background/CarSounds/S_CarAtPedestrian.uasset" 590
"../../../Bachelor/Content/Audio/Background/CarSounds/S_CarSound.uasset" 591
"../../../Bachelor/Content/VehicleBlueprint/BP_Vehicle.uasset" 592
"../../../Bachelor/Content/VehicleBlueprint/BP_Vehicle2.uasset" 593
"../../../Bachelor/Content/VirtualRealityBP/Maps/Scenario1_BuiltData.uasset" 594
"../../../Bachelor/Content/Models/RoadTurnAndPedestrianCrossing/HoleMaterial.uasset" 595
"../../../Bachelor/Content/Models/RoadTurnAndPedestrianCrossing/Road/M_curb.uasset" 596
"../../../Bachelor/Content/Models/RoadTurnAndPedestrianCrossing/Road/M_RoadLines.uasset" 597
"../../../Bachelor/Content/Models/RoadTurnAndPedestrianCrossing/Road/M_Sides.uasset" 598
"../../../Bachelor/Content/Models/RoadTurnAndPedestrianCrossing/Road/M_YellowLineRoad.uasset" 599
"../../../Bachelor/Content/Models/Vehicle/M_CarBlue.uasset" 600
"../../../Bachelor/Content/Models/Vehicle/M_CarGreen.uasset" 601
"../../../Engine/Content/EngineMaterials/DefaultPhysicalMaterial.uasset" 602
"../../../Bachelor/Content/Audio/Background/S_NatureSound.uasset" 603
"../../../Bachelor/Content/Models/RoadTurnAndPedestrianCrossing/Road/Vei.uasset" 604
"../../../Bachelor/Content/Models/RoadTurnAndPedestrianCrossing/SM_Tunell.uasset" 605
"../../../Bachelor/Content/Models/RoadTurnAndPedestrianCrossing/Turn/M_Asphalt_Turn.uasset" 606
"../../../Bachelor/Content/Models/RoadTurnAndPedestrianCrossing/Turn/M_Curb.uasset" 607
"../../../Bachelor/Content/Models/RoadTurnAndPedestrianCrossing/Turn/M_RoadLine.uasset" 608
"../../../Bachelor/Content/Models/RoadTurnAndPedestrianCrossing/Turn/M_RoadSideLine.uasset" 609
"../../../Bachelor/Content/Models/RoadTurnAndPedestrianCrossing/Turn/SM_Sving.uasset" 610
"../../../Bachelor/Content/Models/Trees/T_leaf-1024x768.uasset" 611
"../../../Bachelor/Content/Models/Trees/M_Leaf.uasset" 612
"../../../Bachelor/Content/Models/Trees/SM_Shrubbery.uasset" 613
"../../../Bachelor/Content/Models/Trees/T_4-seamless-bark-texture.uasset" 614
"../../../Bachelor/Content/Models/Trees/M_Bark.uasset" 615
"../../../Bachelor/Content/Models/Trees/SM_Testtree.uasset" 616
"../../../Bachelor/Content/VirtualRealityBP/Maps/Scenario1.umap" 617
"../../../Bachelor/Content/Models/TrafficLight/SM_TrafficLight.uasset" 618
"../../../Bachelor/Content/Models/TrafficLight/BP_TrafficLight.uasset" 619
"../../../Bachelor/Content/VirtualRealityBP/Maps/Scenario2_BuiltData.uasset" 620
"../../../Bachelor/Content/VirtualRealityBP/Maps/Scenario2.umap" 621
"../../../Bachelor/Content/Models/Buildings/T_SideofWall.uasset" 622
"../../../Bachelor/Content/Models/Buildings/M_SideofWall.uasset" 623
"../../../Bachelor/Content/Models/Buildings/T_urban_city_texture_01_by_xox90125-d6rq3vm.uasset" 624
"../../../Bachelor/Content/Models/Buildings/M_Wall.uasset" 625
"../../../Bachelor/Content/Models/Buildings/BP_BuildingBig.uasset" 626
"../../../Bachelor/Content/Models/Buildings/T_47755cd9af91491f1f919afae3ce8a0a.uasset" 627
"../../../Bachelor/Content/Models/Buildings/M_BrickWall.uasset" 628
"../../../Bachelor/Content/Models/Buildings/BP_Wall.uasset" 629
"../../../Bachelor/Content/VirtualRealityBP/Maps/Scenario3_BuiltData.uasset" 630
"../../../Bachelor/Content/Audio/Background/S_BusyStreet_Cue.uasset" 631
"../../../Bachelor/Content/VirtualRealityBP/Maps/Scenario3.umap" 632
"../../../Engine/Content/Maps/Entry.umap" 633
