Log file open, 04/25/17 11:09:08
LogInit:Display: Running engine for game: Bachelor
LogPlatformFile: Not using cached read wrapper
LogInit:Display: RandInit(280080469) SRandInit(280080469).
LogTaskGraph: Started task graph with 5 named threads and 8 total threads with 1 sets of task threads.
LogStats: Stats thread started at 0.075505
LogPluginManager: Loaded Plugin Paper2D, From E:/Programfiler/Epic Games/UE_4.14/Engine/Plugins/2D/Paper2D/Paper2D.uplugin
LogPluginManager: Loaded Plugin LightPropagationVolume, From E:/Programfiler/Epic Games/UE_4.14/Engine/Plugins/Blendables/LightPropagationVolume/LightPropagationVolume.uplugin
LogPluginManager: Loaded Plugin BlankPlugin, From E:/Programfiler/Epic Games/UE_4.14/Engine/Plugins/Developer/BlankPlugin/BlankPlugin.uplugin
LogPluginManager: Loaded Plugin CodeLiteSourceCodeAccess, From E:/Programfiler/Epic Games/UE_4.14/Engine/Plugins/Developer/CodeLiteSourceCodeAccess/CodeLiteSourceCodeAccess.uplugin
LogPluginManager: Loaded Plugin GitSourceControl, From E:/Programfiler/Epic Games/UE_4.14/Engine/Plugins/Developer/GitSourceControl/GitSourceControl.uplugin
LogPluginManager: Loaded Plugin KDevelopSourceCodeAccess, From E:/Programfiler/Epic Games/UE_4.14/Engine/Plugins/Developer/KDevelopSourceCodeAccess/KDevelopSourceCodeAccess.uplugin
LogPluginManager: Loaded Plugin NullSourceCodeAccess, From E:/Programfiler/Epic Games/UE_4.14/Engine/Plugins/Developer/NullSourceCodeAccess/NullSourceCodeAccess.uplugin
LogPluginManager: Loaded Plugin OneSkyLocalizationService, From E:/Programfiler/Epic Games/UE_4.14/Engine/Plugins/Developer/OneSkyLocalizationService/OneSkyLocalizationService.uplugin
LogPluginManager: Loaded Plugin PerforceSourceControl, From E:/Programfiler/Epic Games/UE_4.14/Engine/Plugins/Developer/PerforceSourceControl/PerforceSourceControl.uplugin
LogPluginManager: Loaded Plugin SubversionSourceControl, From E:/Programfiler/Epic Games/UE_4.14/Engine/Plugins/Developer/SubversionSourceControl/SubversionSourceControl.uplugin
LogPluginManager: Loaded Plugin UObjectPlugin, From E:/Programfiler/Epic Games/UE_4.14/Engine/Plugins/Developer/UObjectPlugin/UObjectPlugin.uplugin
LogPluginManager: Loaded Plugin VisualStudioSourceCodeAccess, From E:/Programfiler/Epic Games/UE_4.14/Engine/Plugins/Developer/VisualStudioSourceCodeAccess/VisualStudioSourceCodeAccess.uplugin
LogPluginManager: Loaded Plugin XCodeSourceCodeAccess, From E:/Programfiler/Epic Games/UE_4.14/Engine/Plugins/Developer/XCodeSourceCodeAccess/XCodeSourceCodeAccess.uplugin
LogPluginManager: Loaded Plugin AudioCapture, From E:/Programfiler/Epic Games/UE_4.14/Engine/Plugins/Editor/AudioCapture/AudioCapture.uplugin
LogPluginManager: Loaded Plugin EpicSurvey, From E:/Programfiler/Epic Games/UE_4.14/Engine/Plugins/Editor/EpicSurvey/EpicSurvey.uplugin
LogPluginManager: Loaded Plugin MacGraphicsSwitching, From E:/Programfiler/Epic Games/UE_4.14/Engine/Plugins/Editor/MacGraphicsSwitching/MacGraphicsSwitching.uplugin
LogPluginManager: Loaded Plugin MobileLauncherProfileWizard, From E:/Programfiler/Epic Games/UE_4.14/Engine/Plugins/Editor/MobileLauncherProfileWizard/MobileLauncherProfileWizard.uplugin
LogPluginManager: Loaded Plugin PluginBrowser, From E:/Programfiler/Epic Games/UE_4.14/Engine/Plugins/Editor/PluginBrowser/PluginBrowser.uplugin
LogPluginManager: Loaded Plugin SpeedTreeImporter, From E:/Programfiler/Epic Games/UE_4.14/Engine/Plugins/Editor/SpeedTreeImporter/SpeedTreeImporter.uplugin
LogPluginManager: Loaded Plugin SuperSearchEditor, From E:/Programfiler/Epic Games/UE_4.14/Engine/Plugins/Editor/SuperSearchEditor/SuperSearchEditor.uplugin
LogPluginManager: Loaded Plugin AlembicImporter, From E:/Programfiler/Epic Games/UE_4.14/Engine/Plugins/Experimental/AlembicImporter/AlembicImporter.uplugin
LogPluginManager: Loaded Plugin BlueprintStats, From E:/Programfiler/Epic Games/UE_4.14/Engine/Plugins/Experimental/BlueprintStats/BlueprintStats.uplugin
LogPluginManager: Loaded Plugin CharacterAI, From E:/Programfiler/Epic Games/UE_4.14/Engine/Plugins/Experimental/CharacterAI/CharacterAI.uplugin
LogPluginManager: Loaded Plugin CodeEditor, From E:/Programfiler/Epic Games/UE_4.14/Engine/Plugins/Experimental/CodeEditor/CodeEditor.uplugin
LogPluginManager: Loaded Plugin CodeView, From E:/Programfiler/Epic Games/UE_4.14/Engine/Plugins/Experimental/CodeView/CodeView.uplugin
LogPluginManager: Loaded Plugin HTML5Networking, From E:/Programfiler/Epic Games/UE_4.14/Engine/Plugins/Experimental/HTML5Networking/HTML5Networking.uplugin
LogPluginManager: Loaded Plugin OSVR, From E:/Programfiler/Epic Games/UE_4.14/Engine/Plugins/Experimental/OSVR/OSVR.uplugin
LogPluginManager: Loaded Plugin Phya, From E:/Programfiler/Epic Games/UE_4.14/Engine/Plugins/Experimental/Phya/Phya.uplugin
LogPluginManager: Loaded Plugin SignificanceManager, From E:/Programfiler/Epic Games/UE_4.14/Engine/Plugins/Experimental/SignificanceManager/SignificanceManager.uplugin
LogPluginManager: Loaded Plugin SimpleHMD, From E:/Programfiler/Epic Games/UE_4.14/Engine/Plugins/Experimental/SimpleHMD/SimpleHMD.uplugin
LogPluginManager: Loaded Plugin StereoPanorama, From E:/Programfiler/Epic Games/UE_4.14/Engine/Plugins/Experimental/StereoPanorama/StereoPanorama.uplugin
LogPluginManager: Loaded Plugin StructBox, From E:/Programfiler/Epic Games/UE_4.14/Engine/Plugins/Experimental/StructBox/StructBox.uplugin
LogPluginManager: Loaded Plugin AndroidMedia, From E:/Programfiler/Epic Games/UE_4.14/Engine/Plugins/Media/AndroidMedia/AndroidMedia.uplugin
LogPluginManager: Loaded Plugin AvfMedia, From E:/Programfiler/Epic Games/UE_4.14/Engine/Plugins/Media/AvfMedia/AvfMedia.uplugin
LogPluginManager: Loaded Plugin MediaPlayerEditor, From E:/Programfiler/Epic Games/UE_4.14/Engine/Plugins/Media/MediaPlayerEditor/MediaPlayerEditor.uplugin
LogPluginManager: Loaded Plugin WmfMedia, From E:/Programfiler/Epic Games/UE_4.14/Engine/Plugins/Media/WmfMedia/WmfMedia.uplugin
LogPluginManager: Loaded Plugin MessagingDebugger, From E:/Programfiler/Epic Games/UE_4.14/Engine/Plugins/Messaging/MessagingDebugger/MessagingDebugger.uplugin
LogPluginManager: Loaded Plugin TcpMessaging, From E:/Programfiler/Epic Games/UE_4.14/Engine/Plugins/Messaging/TcpMessaging/TcpMessaging.uplugin
LogPluginManager: Loaded Plugin UdpMessaging, From E:/Programfiler/Epic Games/UE_4.14/Engine/Plugins/Messaging/UdpMessaging/UdpMessaging.uplugin
LogPluginManager: Loaded Plugin LevelSequenceEditor, From E:/Programfiler/Epic Games/UE_4.14/Engine/Plugins/MovieScene/LevelSequenceEditor/LevelSequenceEditor.uplugin
LogPluginManager: Loaded Plugin MatineeToLevelSequence, From E:/Programfiler/Epic Games/UE_4.14/Engine/Plugins/MovieScene/MatineeToLevelSequence/MatineeToLevelSequence.uplugin
LogPluginManager: Loaded Plugin NetcodeUnitTest, From E:/Programfiler/Epic Games/UE_4.14/Engine/Plugins/NetcodeUnitTest/NetcodeUnitTest/NetcodeUnitTest.uplugin
LogPluginManager: Loaded Plugin NUTUnrealEngine4, From E:/Programfiler/Epic Games/UE_4.14/Engine/Plugins/NetcodeUnitTest/NUTUnrealEngine4/NUTUnrealEngine4.uplugin
LogPluginManager: Loaded Plugin OnlineSubsystemGameCircle, From E:/Programfiler/Epic Games/UE_4.14/Engine/Plugins/Online/Android/OnlineSubsystemGameCircle/OnlineSubsystemGameCircle.uplugin
LogPluginManager: Loaded Plugin OnlineSubsystemGooglePlay, From E:/Programfiler/Epic Games/UE_4.14/Engine/Plugins/Online/Android/OnlineSubsystemGooglePlay/OnlineSubsystemGooglePlay.uplugin
LogPluginManager: Loaded Plugin OnlineSubsystemIOS, From E:/Programfiler/Epic Games/UE_4.14/Engine/Plugins/Online/IOS/OnlineSubsystemIOS/OnlineSubsystemIOS.uplugin
LogPluginManager: Loaded Plugin OnlineFramework, From E:/Programfiler/Epic Games/UE_4.14/Engine/Plugins/Online/OnlineFramework/OnlineFramework.uplugin
LogPluginManager: Loaded Plugin OnlineSubsystem, From E:/Programfiler/Epic Games/UE_4.14/Engine/Plugins/Online/OnlineSubsystem/OnlineSubsystem.uplugin
LogPluginManager: Loaded Plugin OnlineSubsystemAmazon, From E:/Programfiler/Epic Games/UE_4.14/Engine/Plugins/Online/OnlineSubsystemAmazon/OnlineSubsystemAmazon.uplugin
LogPluginManager: Loaded Plugin OnlineSubsystemFacebook, From E:/Programfiler/Epic Games/UE_4.14/Engine/Plugins/Online/OnlineSubsystemFacebook/OnlineSubsystemFacebook.uplugin
LogPluginManager: Loaded Plugin OnlineSubsystemNull, From E:/Programfiler/Epic Games/UE_4.14/Engine/Plugins/Online/OnlineSubsystemNull/OnlineSubsystemNull.uplugin
LogPluginManager: Loaded Plugin OnlineSubsystemOculus, From E:/Programfiler/Epic Games/UE_4.14/Engine/Plugins/Online/OnlineSubsystemOculus/OnlineSubsystemOculus.uplugin
LogPluginManager: Loaded Plugin OnlineSubsystemSteam, From E:/Programfiler/Epic Games/UE_4.14/Engine/Plugins/Online/OnlineSubsystemSteam/OnlineSubsystemSteam.uplugin
LogPluginManager: Loaded Plugin OnlineSubsystemUtils, From E:/Programfiler/Epic Games/UE_4.14/Engine/Plugins/Online/OnlineSubsystemUtils/OnlineSubsystemUtils.uplugin
LogPluginManager: Loaded Plugin IOSTapJoy, From E:/Programfiler/Epic Games/UE_4.14/Engine/Plugins/Runtime/Advertising/IOSTapJoy/IOSTapJoy.uplugin
LogPluginManager: Loaded Plugin AnalyticsBlueprintLibrary, From E:/Programfiler/Epic Games/UE_4.14/Engine/Plugins/Runtime/Analytics/AnalyticsBlueprintLibrary/AnalyticsBlueprintLibrary.uplugin
LogPluginManager: Loaded Plugin AnalyticsMulticast, From E:/Programfiler/Epic Games/UE_4.14/Engine/Plugins/Runtime/Analytics/AnalyticsMulticast/AnalyticsMulticast.uplugin
LogPluginManager: Loaded Plugin Apsalar, From E:/Programfiler/Epic Games/UE_4.14/Engine/Plugins/Runtime/Analytics/Apsalar/Apsalar.uplugin
LogPluginManager: Loaded Plugin FileLogging, From E:/Programfiler/Epic Games/UE_4.14/Engine/Plugins/Runtime/Analytics/FileLogging/FileLogging.uplugin
LogPluginManager: Loaded Plugin Flurry, From E:/Programfiler/Epic Games/UE_4.14/Engine/Plugins/Runtime/Analytics/Flurry/Flurry.uplugin
LogPluginManager: Loaded Plugin AndroidDeviceProfileSelector, From E:/Programfiler/Epic Games/UE_4.14/Engine/Plugins/Runtime/AndroidDeviceProfileSelector/AndroidDeviceProfileSelector.uplugin
LogPluginManager: Loaded Plugin AndroidMoviePlayer, From E:/Programfiler/Epic Games/UE_4.14/Engine/Plugins/Runtime/AndroidMoviePlayer/AndroidMoviePlayer.uplugin
LogPluginManager: Loaded Plugin AppleMoviePlayer, From E:/Programfiler/Epic Games/UE_4.14/Engine/Plugins/Runtime/AppleMoviePlayer/AppleMoviePlayer.uplugin
LogPluginManager: Loaded Plugin ArchVisCharacter, From E:/Programfiler/Epic Games/UE_4.14/Engine/Plugins/Runtime/ArchVisCharacter/ArchVisCharacter.uplugin
LogPluginManager: Loaded Plugin CableComponent, From E:/Programfiler/Epic Games/UE_4.14/Engine/Plugins/Runtime/CableComponent/CableComponent.uplugin
LogPluginManager: Loaded Plugin CustomMeshComponent, From E:/Programfiler/Epic Games/UE_4.14/Engine/Plugins/Runtime/CustomMeshComponent/CustomMeshComponent.uplugin
LogPluginManager: Loaded Plugin ExampleDeviceProfileSelector, From E:/Programfiler/Epic Games/UE_4.14/Engine/Plugins/Runtime/ExampleDeviceProfileSelector/ExampleDeviceProfileSelector.uplugin
LogPluginManager: Loaded Plugin GearVR, From E:/Programfiler/Epic Games/UE_4.14/Engine/Plugins/Runtime/GearVR/GearVR.uplugin
LogPluginManager: Loaded Plugin GoogleVRController, From E:/Programfiler/Epic Games/UE_4.14/Engine/Plugins/Runtime/GoogleVR/GoogleVRController/GoogleVRController.uplugin
LogPluginManager: Loaded Plugin GoogleVRHMD, From E:/Programfiler/Epic Games/UE_4.14/Engine/Plugins/Runtime/GoogleVR/GoogleVRHMD/GoogleVRHMD.uplugin
LogPluginManager: Loaded Plugin IOSDeviceProfileSelector, From E:/Programfiler/Epic Games/UE_4.14/Engine/Plugins/Runtime/IOSDeviceProfileSelector/IOSDeviceProfileSelector.uplugin
LogPluginManager: Loaded Plugin LeapMotion, From E:/Programfiler/Epic Games/UE_4.14/Engine/Plugins/Runtime/LeapMotion/LeapMotion.uplugin
LogPluginManager: Loaded Plugin LinuxDeviceProfileSelector, From E:/Programfiler/Epic Games/UE_4.14/Engine/Plugins/Runtime/LinuxDeviceProfileSelector/LinuxDeviceProfileSelector.uplugin
LogPluginManager: Loaded Plugin MIDIDevice, From E:/Programfiler/Epic Games/UE_4.14/Engine/Plugins/Runtime/MIDIDevice/MIDIDevice.uplugin
LogPluginManager: Loaded Plugin MobilePatchingUtils, From E:/Programfiler/Epic Games/UE_4.14/Engine/Plugins/Runtime/MobilePatchingUtils/MobilePatchingUtils.uplugin
LogPluginManager: Loaded Plugin Ansel, From E:/Programfiler/Epic Games/UE_4.14/Engine/Plugins/Runtime/Nvidia/Ansel/Ansel.uplugin
LogPluginManager: Loaded Plugin OculusAudio, From E:/Programfiler/Epic Games/UE_4.14/Engine/Plugins/Runtime/OculusAudio/OculusAudio.uplugin
LogPluginManager: Loaded Plugin OculusInput, From E:/Programfiler/Epic Games/UE_4.14/Engine/Plugins/Runtime/OculusInput/OculusInput.uplugin
LogPluginManager: Loaded Plugin OculusLibrary, From E:/Programfiler/Epic Games/UE_4.14/Engine/Plugins/Runtime/OculusLibrary/OculusLibrary.uplugin
LogPluginManager: Loaded Plugin OculusRift, From E:/Programfiler/Epic Games/UE_4.14/Engine/Plugins/Runtime/OculusRift/OculusRift.uplugin
LogPluginManager: Loaded Plugin Oodle, From E:/Programfiler/Epic Games/UE_4.14/Engine/Plugins/Runtime/PacketHandlers/CompressionComponents/Oodle/Oodle.uplugin
LogPluginManager: Loaded Plugin ProceduralMeshComponent, From E:/Programfiler/Epic Games/UE_4.14/Engine/Plugins/Runtime/ProceduralMeshComponent/ProceduralMeshComponent.uplugin
LogPluginManager: Loaded Plugin SoundMod, From E:/Programfiler/Epic Games/UE_4.14/Engine/Plugins/Runtime/SoundMod/SoundMod.uplugin
LogPluginManager: Loaded Plugin SoundVisualizations, From E:/Programfiler/Epic Games/UE_4.14/Engine/Plugins/Runtime/SoundVisualizations/SoundVisualizations.uplugin
LogPluginManager: Loaded Plugin SteamController, From E:/Programfiler/Epic Games/UE_4.14/Engine/Plugins/Runtime/Steam/SteamController/SteamController.uplugin
LogPluginManager: Loaded Plugin SteamVR, From E:/Programfiler/Epic Games/UE_4.14/Engine/Plugins/Runtime/Steam/SteamVR/SteamVR.uplugin
LogPluginManager: Loaded Plugin WebBrowserWidget, From E:/Programfiler/Epic Games/UE_4.14/Engine/Plugins/Runtime/WebBrowserWidget/WebBrowserWidget.uplugin
LogPluginManager: Loaded Plugin WindowsDeviceProfileSelector, From E:/Programfiler/Epic Games/UE_4.14/Engine/Plugins/Runtime/WindowsDeviceProfileSelector/WindowsDeviceProfileSelector.uplugin
LogPluginManager: Loaded Plugin WindowsMoviePlayer, From E:/Programfiler/Epic Games/UE_4.14/Engine/Plugins/Runtime/WindowsMoviePlayer/WindowsMoviePlayer.uplugin
LogPluginManager: Loaded Plugin ScriptPlugin, From E:/Programfiler/Epic Games/UE_4.14/Engine/Plugins/ScriptPlugin/ScriptPlugin.uplugin
LogPluginManager: Loaded Plugin SlateRemote, From E:/Programfiler/Epic Games/UE_4.14/Engine/Plugins/Slate/SlateRemote/SlateRemote.uplugin
LogPluginManager: Loaded Plugin EditorTests, From E:/Programfiler/Epic Games/UE_4.14/Engine/Plugins/Tests/EditorTests/EditorTests.uplugin
LogPluginManager: Loaded Plugin FbxAutomationTestBuilder, From E:/Programfiler/Epic Games/UE_4.14/Engine/Plugins/Tests/FbxAutomationTestBuilder/FbxAutomationTestBuilder.uplugin
LogPluginManager: Loaded Plugin FunctionalTestingEditor, From E:/Programfiler/Epic Games/UE_4.14/Engine/Plugins/Tests/FunctionalTestingEditor/FunctionalTestingEditor.uplugin
LogPluginManager: Loaded Plugin RuntimeTests, From E:/Programfiler/Epic Games/UE_4.14/Engine/Plugins/Tests/RuntimeTests/RuntimeTests.uplugin
LogPluginManager: Loaded Plugin ScreenshotTools, From E:/Programfiler/Epic Games/UE_4.14/Engine/Plugins/Tests/ScreenshotTools/ScreenshotTools.uplugin
LogInit: Using libcurl 7.47.1
LogInit:  - built for x86_64-pc-win32
LogInit:  - supports SSL with OpenSSL/1.0.2g
LogInit:  - supports HTTP deflate (compression) using libz 1.2.8
LogInit:  - other features:
LogInit:      CURL_VERSION_SSL
LogInit:      CURL_VERSION_LIBZ
LogInit:      CURL_VERSION_IPV6
LogInit:      CURL_VERSION_ASYNCHDNS
LogInit:      CURL_VERSION_LARGEFILE
LogInit:      CURL_VERSION_IDN
LogInit:  CurlRequestOptions (configurable via config and command line):
LogInit:  - bVerifyPeer = false  - Libcurl will NOT verify peer certificate
LogInit:  - bUseHttpProxy = false  - Libcurl will NOT use HTTP proxy
LogInit:  - bDontReuseConnections = false  - Libcurl will reuse connections
LogInit:  - CertBundlePath = nullptr  - Libcurl will use whatever was configured at build time.
LogInit: Build: ++UE4+Release-4.14-CL-3249277
LogInit: Engine Version: 4.14.3-3249277+++UE4+Release-4.14
LogInit: Compatible Engine Version: 4.14.0-3195953+++UE4+Release-4.14
LogInit: Net CL: 3195953
LogDevObjectVersion: Number of dev versions registered: 13
LogDevObjectVersion:   Dev-Blueprints (B0D832E4-1F89-4F0D-ACCF-7EB736FD4AA2): 7
LogDevObjectVersion:   Dev-Build (E1C64328-A22C-4D53-A36C-8E866417BD8C): 0
LogDevObjectVersion:   Dev-Core (375EC13C-06E4-48FB-B500-84F0262A717E): 1
LogDevObjectVersion:   Dev-Editor (E4B068ED-F494-42E9-A231-DA0B2E46BB41): 8
LogDevObjectVersion:   Dev-Framework (CFFC743F-43B0-4480-9391-14DF171D2073): 17
LogDevObjectVersion:   Dev-Mobile (B02B49B5-BB20-44E9-A304-32B752E40360): 0
LogDevObjectVersion:   Dev-Networking (A4E4105C-59A1-49B5-A7C5-40C4547EDFEE): 0
LogDevObjectVersion:   Dev-Online (39C831C9-5AE6-47DC-9A44-9C173E1C8E7C): 0
LogDevObjectVersion:   Dev-Physics (78F01B33-EBEA-4F98-B9B4-84EACCB95AA2): 0
LogDevObjectVersion:   Dev-Platform (6631380F-2D4D-43E0-8009-CF276956A95A): 0
LogDevObjectVersion:   Dev-Rendering (12F88B9F-8875-4AFC-A67C-D90C383ABD29): 12
LogDevObjectVersion:   Dev-Sequencer (7B5AE74C-D270-4C10-A958-57980B212A5A): 1
LogDevObjectVersion:   Dev-VR (D7296918-1DD6-4BDD-9DE2-64A83CC13884): 0
LogInit: Compiled (64-bit): Jan  6 2017 10:49:43
LogInit: Compiled with Visual C++: 19.00.23026.00
LogInit: Build Configuration: Development
LogInit: Branch Name: ++UE4+Release-4.14
LogInit: Command line:  
LogInit: Base directory: E:/Programfiler/Epic Games/UE_4.14/Engine/Binaries/Win64/
LogInit: Installed Engine Build: 1
LogInit: Presizing for max 8388607 objects, including 0 objects not considered by GC, pre-allocating 0 bytes for permanent pool.
LogInit: Object subsystem initialized
[2017.04.25-09.09.08:751][  0]LogConsoleManager:Display: Setting the console variable 'r.RHICmdBypass' with 'SetByProjectSetting' was ignored as it is lower priority than the previous 'SetBySystemSettingsIni'
[2017.04.25-09.09.08:758][  0]LogInit: Selected Device Profile: [Windows]
[2017.04.25-09.09.08:758][  0]LogInit: Applying CVar settings loaded from the selected device profile: [Windows]
[2017.04.25-09.09.08:765][  0]LogInit: Computer: DESKTOP-FN49AV9
[2017.04.25-09.09.08:765][  0]LogInit: User: chris
[2017.04.25-09.09.08:765][  0]LogInit: CPU Page size=65536, Cores=4
[2017.04.25-09.09.08:765][  0]LogInit: High frequency timer resolution =2.533193 MHz
[2017.04.25-09.09.08:765][  0]LogMemory: Memory total: Physical=7.9GB (8GB approx)
[2017.04.25-09.09.08:765][  0]LogMemory: Platform Memory Stats for Windows
[2017.04.25-09.09.08:765][  0]LogMemory: Process Physical Memory: 264.63 MB used, 264.63 MB peak
[2017.04.25-09.09.08:765][  0]LogMemory: Process Virtual Memory: 262.83 MB used, 262.83 MB peak
[2017.04.25-09.09.08:765][  0]LogMemory: Physical Memory: 4265.05 MB used,  3816.00 MB free, 8081.05 MB total
[2017.04.25-09.09.08:765][  0]LogMemory: Virtual Memory: 662.18 MB used,  3816.00 MB free, 134217728.00 MB total
[2017.04.25-09.09.08:789][  0]LogTextLocalizationManager: No translations for ('nb-NO') exist, falling back to 'en' for localization and internationalization data.
[2017.04.25-09.09.09:461][  0]LogD3D11RHI: D3D11 adapters:
[2017.04.25-09.09.09:484][  0]LogD3D11RHI:    0. 'NVIDIA GeForce GTX 950M' (Feature Level 11_0)
[2017.04.25-09.09.09:484][  0]LogD3D11RHI:       2018/0/4040 MB DedicatedVideo/DedicatedSystem/SharedSystem, Outputs:2, VendorId:0x10de
[2017.04.25-09.09.09:490][  0]LogD3D11RHI:    1. 'Intel(R) HD Graphics 4600' (Feature Level 11_0)
[2017.04.25-09.09.09:490][  0]LogD3D11RHI:       112/0/2048 MB DedicatedVideo/DedicatedSystem/SharedSystem, Outputs:0, VendorId:0x8086
[2017.04.25-09.09.09:492][  0]LogD3D11RHI:    2. 'Microsoft Basic Render Driver' (Feature Level 11_0)
[2017.04.25-09.09.09:492][  0]LogD3D11RHI:       0/0/4040 MB DedicatedVideo/DedicatedSystem/SharedSystem, Outputs:0, VendorId:0x1414
[2017.04.25-09.09.09:492][  0]LogD3D11RHI: Chosen D3D11 Adapter: 0
[2017.04.25-09.09.09:496][  0]LogD3D11RHI: Creating new Direct3DDevice
[2017.04.25-09.09.09:496][  0]LogD3D11RHI:     GPU DeviceId: 0x139a (for the marketing name, search the web for "GPU Device Id")
[2017.04.25-09.09.09:496][  0]LogWindows: EnumDisplayDevices:
[2017.04.25-09.09.09:496][  0]LogWindows:    0. 'Intel(R) HD Graphics 4600' (P:1 D:1)
[2017.04.25-09.09.09:497][  0]LogWindows:    1. 'Intel(R) HD Graphics 4600' (P:0 D:1)
[2017.04.25-09.09.09:497][  0]LogWindows:    2. 'Intel(R) HD Graphics 4600' (P:0 D:0)
[2017.04.25-09.09.09:497][  0]LogWindows: DebugString: PrimaryIsNotTheChoosenAdapter PrimaryIsNotTheChoosenAdapter PrimaryIsNotTheChoosenAdapter FoundDriverCount:0 
[2017.04.25-09.09.09:497][  0]LogD3D11RHI:     Adapter Name: NVIDIA GeForce GTX 950M
[2017.04.25-09.09.09:497][  0]LogD3D11RHI:   Driver Version: Unknown (internal:Unknown, unified:Unknown)
[2017.04.25-09.09.09:497][  0]LogD3D11RHI:      Driver Date: Unknown
[2017.04.25-09.09.09:497][  0]LogRHI: Texture pool is 1361 MB (70% of 1945 MB)
[2017.04.25-09.09.09:508][  0]LogD3D11RHI: Async texture creation enabled
[2017.04.25-09.09.09:517][  0]LogD3D11RHI: GPU Timing Frequency: 1000.000000 (Debug: 2 1)
[2017.04.25-09.09.09:517][  0]LogShaderCompilers: Guid format shader working directory is 2 characters bigger than the processId version (../../../../../../Bachelor/Bachelor/Bachelor/Intermediate/Shaders/WorkingDirectory/3936/).
[2017.04.25-09.09.09:517][  0]LogShaderCompilers: Cleaned the shader compiler working directory 'C:/Users/chris/AppData/Local/Temp/UnrealShaderWorkingDir/B323AC1F4CCCC5E69E4642B653AF5926/'.
[2017.04.25-09.09.09:518][  0]LogShaderCompilers:Display: Using Local Shader Compiler.
[2017.04.25-09.09.10:579][  0]LogTemp:Display: Loaded TP AllDesktopTargetPlatform
[2017.04.25-09.09.10:626][  0]LogTemp:Display: Loaded TP MacClientTargetPlatform
[2017.04.25-09.09.10:673][  0]LogTemp:Display: Loaded TP MacNoEditorTargetPlatform
[2017.04.25-09.09.10:721][  0]LogTemp:Display: Loaded TP MacServerTargetPlatform
[2017.04.25-09.09.10:768][  0]LogTemp:Display: Loaded TP MacTargetPlatform
[2017.04.25-09.09.10:816][  0]LogTemp:Display: Loaded TP WindowsClientTargetPlatform
[2017.04.25-09.09.10:863][  0]LogTemp:Display: Loaded TP WindowsNoEditorTargetPlatform
[2017.04.25-09.09.10:910][  0]LogTemp:Display: Loaded TP WindowsServerTargetPlatform
[2017.04.25-09.09.10:947][  0]LogTemp:Display: Loaded TP WindowsTargetPlatform
[2017.04.25-09.09.10:994][  0]LogTemp:Display: Loaded TP AndroidTargetPlatform
[2017.04.25-09.09.11:042][  0]LogTemp:Display: Loaded TP Android_ASTCTargetPlatform
[2017.04.25-09.09.11:087][  0]LogTemp:Display: Loaded TP Android_ATCTargetPlatform
[2017.04.25-09.09.11:134][  0]LogTemp:Display: Loaded TP Android_DXTTargetPlatform
[2017.04.25-09.09.11:179][  0]LogTemp:Display: Loaded TP Android_ETC1TargetPlatform
[2017.04.25-09.09.11:225][  0]LogTemp:Display: Loaded TP Android_ETC2TargetPlatform
[2017.04.25-09.09.11:317][  0]LogTemp:Display: Loaded TP Android_MultiTargetPlatform
[2017.04.25-09.09.11:317][  0]LogTemp:Display: Loaded TP Android_PVRTCTargetPlatform
[2017.04.25-09.09.11:347][  0]LogTemp:Display: Loaded TP HTML5TargetPlatform
[2017.04.25-09.09.11:419][  0]LogTemp:Display: Loaded TP IOSTargetPlatform
[2017.04.25-09.09.11:466][  0]LogTemp:Display: Loaded TP TVOSTargetPlatform
[2017.04.25-09.09.11:512][  0]LogTemp:Display: Loaded TP LinuxClientTargetPlatform
[2017.04.25-09.09.11:558][  0]LogTemp:Display: Loaded TP LinuxNoEditorTargetPlatform
[2017.04.25-09.09.11:603][  0]LogTemp:Display: Loaded TP LinuxServerTargetPlatform
[2017.04.25-09.09.11:648][  0]LogTemp:Display: Loaded TP LinuxTargetPlatform
[2017.04.25-09.09.11:648][  0]LogTargetPlatformManager:Display: Building Assets For Windows
[2017.04.25-09.09.11:934][  0]LogDerivedDataCache:Display: Max Cache Size: 512 MB
[2017.04.25-09.09.11:985][  0]LogDerivedDataCache: Loaded boot cache 0.05s 51MB C:/Users/chris/AppData/Local/UnrealEngine/4.14/DerivedDataCache/Boot.ddc.
[2017.04.25-09.09.11:985][  0]LogDerivedDataCache:Display: Loaded Boot cache: C:/Users/chris/AppData/Local/UnrealEngine/4.14/DerivedDataCache/Boot.ddc
[2017.04.25-09.09.11:986][  0]LogDerivedDataCache: FDerivedDataBackendGraph:  Pak pak cache file ../../../../../../Bachelor/Bachelor/Bachelor/DerivedDataCache/DDC.ddp not found, will not use a pak cache.
[2017.04.25-09.09.11:986][  0]LogDerivedDataCache: Unable to find inner node Pak for hierarchical cache Hierarchy.
[2017.04.25-09.09.11:986][  0]LogDerivedDataCache: FDerivedDataBackendGraph:  CompressedPak pak cache file ../../../../../../Bachelor/Bachelor/Bachelor/DerivedDataCache/Compressed.ddp not found, will not use a pak cache.
[2017.04.25-09.09.11:986][  0]LogDerivedDataCache: Unable to find inner node CompressedPak for hierarchical cache Hierarchy.
[2017.04.25-09.09.12:002][  0]LogDerivedDataCache:Display: Pak cache opened for reading ../../../Engine/DerivedDataCache/Compressed.ddp.
[2017.04.25-09.09.12:013][  0]LogDerivedDataCache: Using Local data cache path C:/Users/chris/AppData/Local/UnrealEngine/Common/DerivedDataCache: Writable
[2017.04.25-09.09.12:206][  0]LogInit: Selected Device Profile: [Windows]
[2017.04.25-09.09.12:208][  0]LogContentStreaming: Texture pool size is 0.00 MB
[2017.04.25-09.09.12:382][  0]LogMeshUtilities: Using QuadricMeshReduction for automatic static mesh reduction
[2017.04.25-09.09.12:414][  0]LogSimplygon: Simplygon DLL not present - disabling.
[2017.04.25-09.09.12:451][  0]LogMeshUtilities: Using SimplygonSwarm for distributed automatic mesh merging
[2017.04.25-09.09.12:451][  0]LogMeshUtilities: No automatic skeletal mesh reduction module available
[2017.04.25-09.09.12:451][  0]LogMeshUtilities: No automatic mesh merging module available
[2017.04.25-09.09.12:943][  0]LogNetVersion: GetLocalNetworkVersion: CL: 3195953, ProjectName: bachelor, ProjectVersion: , EngineNetworkVersion: 2, GameNetworkVersion: 0, NetworkChecksum: 2684569010
[2017.04.25-09.09.12:992][  0]LogAssetRegistry: FAssetRegistry took 0.0218 seconds to start up
[2017.04.25-09.09.13:017][  0]LogPackageLocalizationCache: Processed 3 localized package path(s) for 1 prioritized culture(s) in 0.010389 seconds
[2017.04.25-09.09.13:022][  0]LogUObjectArray: 31946 objects as part of root set at end of initial load.
[2017.04.25-09.09.13:022][  0]LogUObjectAllocator: 6935848 out of 0 bytes used by permanent object pool.
[2017.04.25-09.09.13:022][  0]LogUObjectArray: CloseDisregardForGC: 0/0 objects in disregard for GC pool
[2017.04.25-09.09.13:064][  0]LogInit: WinSock: version 1.1 (2.2), MaxSocks=32767, MaxUdp=65467
[2017.04.25-09.09.13:636][  0]LogSlate: Using Freetype 2.6.0
[2017.04.25-09.09.13:636][  0]LogSlate: SlateFontCache - WITH_FREETYPE: 1, WITH_HARFBUZZ: 1
[2017.04.25-09.09.13:636][  0]LogSlate: SlateFontCache - WITH_FREETYPE: 1, WITH_HARFBUZZ: 1
[2017.04.25-09.09.14:511][  0]LogTcpMessaging: Initializing TcpMessaging bridge
[2017.04.25-09.09.14:544][  0]LogUdpMessaging: Initializing bridge on interface 0.0.0.0:0 to multicast group 230.0.0.1:6666.
[2017.04.25-09.09.14:848][  0]LogMaterial: Uniform references updated for custom material expression Custom.
[2017.04.25-09.09.15:159][  0]SourceControl: Info Source control is disabled
[2017.04.25-09.09.15:159][  0]SourceControl: Info Source control is disabled
[2017.04.25-09.09.15:197][  0]SourceControl: Info Source control is disabled
[2017.04.25-09.09.15:235][  0]SourceControl: Info Source control is disabled
[2017.04.25-09.09.16:263][  0]LogEngine: Initializing Engine...
[2017.04.25-09.09.16:263][  0]LogHMD: Failed to initialize OpenVR with code 110
[2017.04.25-09.09.16:471][  0]LogAIModule: Creating AISystem for world Untitled
[2017.04.25-09.09.16:478][  0]LogInit: XAudio2 using 'Høyttalere (Conexant SmartAudio HD)' : 2 channels at 48 kHz using 32 bits per sample (channel mask 0x3)
[2017.04.25-09.09.16:492][  0]LogInit: FAudioDevice initialized.
[2017.04.25-09.09.16:518][  0]LogDerivedDataCache: Saved boot cache 0.03s 51MB C:/Users/chris/AppData/Local/UnrealEngine/4.14/DerivedDataCache/Boot.ddc.
[2017.04.25-09.09.16:522][  0]LogInit: Texture streaming: Enabled
[2017.04.25-09.09.16:657][  0]LogInit: Transaction tracking system initialized
[2017.04.25-09.09.16:922][  0]BlueprintLog: New page: Editor Load
[2017.04.25-09.09.17:580][  0]LocalizationService: Info Localization service is disabled
[2017.04.25-09.09.18:088][  0]LogConsoleResponse:Display: 
[2017.04.25-09.09.18:206][  0]LogCook:Display: Max memory allowance for cook 16384mb min free memory 0mb
[2017.04.25-09.09.18:206][  0]LogCook:Display: Mobile HDR setting 1
[2017.04.25-09.09.18:939][  0]LogFileCache: Scanning file cache for directory 'E:/Bachelor/Bachelor/Bachelor/Content/' took 0.02s
[2017.04.25-09.09.18:939][  0]SourceControl: Info Source control is disabled
[2017.04.25-09.09.18:939][  0]Cmd: MAP LOAD FILE="../../../../../../Bachelor/Bachelor/Bachelor/Content/VirtualRealityBP/Maps/VRWorld.umap" TEMPLATE=0 SHOWPROGRESS=1 FEATURELEVEL=3
[2017.04.25-09.09.18:940][  0]LightingResults: New page: Lighting Build
[2017.04.25-09.09.18:971][  0]MapCheck: New page: Map Check
[2017.04.25-09.09.18:971][  0]LightingResults: New page: Lighting Build
[2017.04.25-09.09.21:032][  0]LogAIModule: Creating AISystem for world VRWorld
[2017.04.25-09.09.21:503][  0]LogPhysics:Warning: AddConvexElemsToRigidActor: [/Engine/BasicShapes/Cube.Cube] ConvexElem[0] invalid
[2017.04.25-09.09.21:503][  0]LogPhysics:Warning: AddConvexElemsToRigidActor: [/Engine/BasicShapes/Cube.Cube] ConvexElem[0] invalid
[2017.04.25-09.09.21:558][  0]LogEditorServer: Finished looking for orphan Actors (0.000 secs)
[2017.04.25-09.09.21:559][  0]Cmd: MAP CHECKDEP NOCLEARLOG
[2017.04.25-09.09.21:630][  0]MapCheck: Info Map check complete: 0 Error(s), 0 Warning(s), took 70.564ms to complete.
[2017.04.25-09.09.21:630][  0]LogFileHelpers: Loading map 'VRWorld' took 2.690
[2017.04.25-09.09.21:747][  0]LogWindowsTextInputMethodSystem:Display: IME system now deactivated.
[2017.04.25-09.09.21:858][  0]LogCollectionManager: Loaded 0 collections in 0.001329 seconds
[2017.04.25-09.09.21:959][  0]LogFileCache: Scanning file cache for directory 'E:/Bachelor/Bachelor/Bachelor/Saved/Collections/' took 0.01s
[2017.04.25-09.09.21:959][  0]LogFileCache: Scanning file cache for directory 'E:/Bachelor/Bachelor/Bachelor/Content/Developers/chris/Collections/' took 0.01s
[2017.04.25-09.09.21:959][  0]LogFileCache: Scanning file cache for directory 'E:/Bachelor/Bachelor/Bachelor/Content/Collections/' took 0.01s
[2017.04.25-09.09.21:959][  0]LogCollectionManager: Rebuilt the GUID cache for 0 collections in 0.000002 seconds
[2017.04.25-09.09.21:969][  0]LogContentBrowser: Native class hierarchy populated in 0.0103 seconds. Added 2190 classes and 428 folders.
[2017.04.25-09.09.22:004][  0]LogStats: UGameplayTagsManager::ConstructGameplayTagTree: Construct from data asset -  0.000 s
[2017.04.25-09.09.22:004][  0]LogStats: UGameplayTagsManager::ConstructGameplayTagTree: GameplayTagTreeChangedEvent.Broadcast -  0.000 s
[2017.04.25-09.09.22:005][  0]LogContentBrowser: Native class hierarchy updated for 'GameplayTags' in 0.0005 seconds. Added 13 classes and 0 folders.
[2017.04.25-09.09.22:051][  0]LogContentBrowser: Native class hierarchy updated for 'WidgetCarousel' in 0.0005 seconds. Added 0 classes and 0 folders.
[2017.04.25-09.09.22:100][  0]LogContentBrowser: Native class hierarchy updated for 'AddContentDialog' in 0.0006 seconds. Added 0 classes and 0 folders.
[2017.04.25-09.09.22:134][  0]LogContentBrowser: Native class hierarchy updated for 'SceneOutliner' in 0.0005 seconds. Added 1 classes and 2 folders.
[2017.04.25-09.09.22:164][  0]LogCrashTracker: Crashtracker disabled due to settings.
[2017.04.25-09.09.22:261][  0]LogContentBrowser: Native class hierarchy updated for 'HierarchicalLODOutliner' in 0.0005 seconds. Added 1 classes and 2 folders.
[2017.04.25-09.09.22:261][  0]LogLoad: (Engine Initialization) Total time: 14.85 seconds
[2017.04.25-09.09.22:261][  0]LogLoad: (Engine Initialization) Total Blueprint compile time: 0.50 seconds
[2017.04.25-09.09.22:261][  0]LogExternalProfiler: No external profilers were discovered.  External profiling features will not be available.
[2017.04.25-09.09.22:278][  0]LogOcInput: OculusInput pre-init called
[2017.04.25-09.09.22:298][  0]LogContentStreaming: Texture pool size now 1000 MB
[2017.04.25-09.09.22:471][  0]LogRenderer: Reallocating scene render targets to support 1208x576 NumSamples 1 (Frame:2).
[2017.04.25-09.09.22:579][  1]LogAssetRegistry: Asset discovery search completed in 9.6094 seconds
[2017.04.25-09.09.22:579][  1]LogCollectionManager: Rebuilt the object cache for 0 collections in 0.000001 seconds (found 0 objects)
[2017.04.25-09.09.22:579][  1]LogCollectionManager: Fixed up redirectors for 0 collections in 0.000015 seconds (updated 0 objects)
[2017.04.25-09.15.05:833][510]LogContentBrowser: Native class hierarchy updated for 'BlueprintGraph' in 0.0010 seconds. Added 111 classes and 0 folders.
[2017.04.25-09.15.05:909][510]LogBlueprintSupport:Warning: Editor config [EditoronlyBP] settings are DEPRECATED. You're not explicitly setting any, but they've been defaulting to off. If you are relying on this functionality, then please fix it up so your Blueprints don't break in a future release.
[2017.04.25-09.18.26:594][174]LogEditorTransaction: Undo Rename Node
[2017.04.25-09.18.28:275][240]LogEditorTransaction: Undo Add Node
[2017.04.25-09.20.05:879][802]BlueprintLog: New page: Compile Character_Blueprint
[2017.04.25-09.20.07:670][838]Cmd: OBJ SAVEPACKAGE PACKAGE="/Game/Models/Character/Character_Blueprint" FILE="../../../../../../Bachelor/Bachelor/Bachelor/Content/Models/Character/Character_Blueprint.uasset" SILENT=true
[2017.04.25-09.20.07:860][838]LogSavePackage: Save=182.75ms
[2017.04.25-09.20.07:860][838]LogSavePackage: Moving '../../../../../../Bachelor/Bachelor/Bachelor/Saved/Character_BlueprintF23082F74355053C8E5C7F983DC191C5.tmp' to '../../../../../../Bachelor/Bachelor/Bachelor/Content/Models/Character/Character_Blueprint.uasset'
[2017.04.25-09.20.07:862][838]LogSavePackage:Display: Finished SavePackage ../../../../../../Bachelor/Bachelor/Bachelor/Content/Models/Character/Character_Blueprint.uasset
[2017.04.25-09.20.13:590][ 58]LogSavePackage: Save=1225.37ms
[2017.04.25-09.20.13:590][ 58]LogSavePackage: Moving '../../../../../../Bachelor/Bachelor/Bachelor/Saved/VRWorldE71356A44414BAB0683279B274ED174D.tmp' to '../../../../../../Bachelor/Bachelor/Bachelor/Content/VirtualRealityBP/Maps/VRWorld.umap'
[2017.04.25-09.20.13:593][ 58]LogSavePackage:Display: Finished SavePackage ../../../../../../Bachelor/Bachelor/Bachelor/Content/VirtualRealityBP/Maps/VRWorld.umap
[2017.04.25-09.20.13:616][ 58]LogFileHelpers: Saving map 'VRWorld' took 1.362
[2017.04.25-09.20.16:254][199]LogStaticMesh: Building static mesh TrafikklysStandard...
[2017.04.25-09.20.16:491][199]LogStaticMesh: Built static mesh [0.24s] /Game/Models/TrafficLight/TrafikklysStandard.TrafikklysStandard
[2017.04.25-09.20.16:531][199]LogMaterial: Missing cached shader map for material LightRed, compiling. 
[2017.04.25-09.20.16:581][199]LogMaterial: Missing cached shader map for material LightGreen, compiling. 
[2017.04.25-09.20.16:599][199]LogMaterial: Missing cached shader map for material Pole, compiling. 
[2017.04.25-09.20.16:618][199]LogMaterial: Missing cached shader map for material DarkGreen, compiling. 
[2017.04.25-09.20.16:636][199]LogMaterial: Missing cached shader map for material DarkRed, compiling. 
[2017.04.25-09.20.16:654][199]LogMaterial: Missing cached shader map for material DarkYellow, compiling. 
[2017.04.25-09.20.32:403][859]MapCheck: New page: Map Check
[2017.04.25-09.20.32:441][859]Cmd: MAP REBUILD ALLVISIBLE
[2017.04.25-09.20.32:442][859]LogEditorServer: Rebuildmap Clear paths rebuilt
[2017.04.25-09.20.32:515][859]LogPhysics:Warning: AddConvexElemsToRigidActor: [/Engine/BasicShapes/Cube.Cube] ConvexElem[0] invalid
[2017.04.25-09.20.32:515][859]LogPhysics:Warning: AddConvexElemsToRigidActor: [/Engine/BasicShapes/Cube.Cube] ConvexElem[0] invalid
[2017.04.25-09.20.32:639][859]LightingResults: New page: Lighting Build - Apr 25, 2017, 1:20:32 PM
[2017.04.25-09.20.33:839][859]LogSwarmInterface: [OpenConnection] Registering TCP channel ...
[2017.04.25-09.20.34:229][859]LogSwarmInterface: [OpenConnection] Connecting to agent ...
[2017.04.25-09.20.34:266][859]LogSwarmInterface: [TryOpenConnection] Testing the Agent
[2017.04.25-09.20.35:362][859]LogSwarmInterface: [TryOpenConnection] Opening Connection to Agent
[2017.04.25-09.20.35:362][859]LogSwarmInterface: [TryOpenConnection] Local Process ID is 3936
[2017.04.25-09.20.38:309][859]LightingResults:Warning: Performance Warning No importance volume found and the scene is so large that the automatically synthesized volume will not yield good results.  Please add a tightly bounding lightmass importance volume to optimize your scene's quality and lighting build times.
[2017.04.25-09.20.38:312][859]LogStaticLightingSystem: Running Lightmass w/ ImmediateImport mode ENABLED
[2017.04.25-09.20.38:312][859]LogStaticLightingSystem: Running Lightmass w/ ImmediateProcess mode ENABLED
[2017.04.25-09.20.38:312][859]LogStaticLightingSystem: Running Lightmass w/ Sorting mode ENABLED
[2017.04.25-09.20.38:312][859]LogStaticLightingSystem: Running Lightmass w/ Mapping paddings ENABLED
[2017.04.25-09.20.38:312][859]LogStaticLightingSystem: Running Lightmass w/ Mapping debug paddings DISABLED
[2017.04.25-09.20.40:847][859]Cmd: MAP CHECK DONTDISPLAYDIALOG
[2017.04.25-09.20.40:847][859]MapCheck: New page: VRWorld - Apr 25, 2017, 1:20:40 PM
[2017.04.25-09.20.40:852][859]MapCheck:Error: Error Cube3_14 Cube3_14 : Invalid DrawScale/DrawScale3D 
[2017.04.25-09.20.40:854][859]MapCheck:Error: Error Cube4 Cube4 : Invalid DrawScale/DrawScale3D 
[2017.04.25-09.20.40:943][859]MapCheck: Info Map check complete: 2 Error(s), 0 Warning(s), took 95.196ms to complete.
[2017.04.25-09.20.40:965][859]LogEditorBuildUtils: Build time 0:08
[2017.04.25-09.20.40:998][859]LogMaterial: Missing cached shader map for material FLightmassMaterialRenderer MaterialInstanceDynamic_1, compiling. 
[2017.04.25-09.20.41:004][859]LogMaterial: Missing cached shader map for material FLightmassMaterialRenderer MaterialInstanceDynamic_1, compiling. 
[2017.04.25-09.20.41:054][860]LogMaterial: Missing cached shader map for material FLightmassMaterialRenderer LandscapeMaterialInstanceConstant_1, compiling. 
[2017.04.25-09.20.41:061][860]LogMaterial: Missing cached shader map for material FLightmassMaterialRenderer LandscapeMaterialInstanceConstant_1, compiling. 
[2017.04.25-09.20.53:178][373]LogMaterial: Missing cached shader map for material FLightmassMaterialRenderer Mat_1, compiling. 
[2017.04.25-09.20.53:185][373]LogMaterial: Missing cached shader map for material FLightmassMaterialRenderer Mat_1, compiling. 
[2017.04.25-09.20.53:199][374]LogMaterial: Missing cached shader map for material FLightmassMaterialRenderer Mat, compiling. 
[2017.04.25-09.20.53:207][374]LogMaterial: Missing cached shader map for material FLightmassMaterialRenderer Mat, compiling. 
[2017.04.25-09.20.53:228][375]LogMaterial: Missing cached shader map for material FLightmassMaterialRenderer Mat_2, compiling. 
[2017.04.25-09.20.53:237][375]LogMaterial: Missing cached shader map for material FLightmassMaterialRenderer Mat_2, compiling. 
[2017.04.25-09.20.53:259][376]LogMaterial: Missing cached shader map for material FLightmassMaterialRenderer Mat_3, compiling. 
[2017.04.25-09.20.53:267][376]LogMaterial: Missing cached shader map for material FLightmassMaterialRenderer Mat_3, compiling. 
[2017.04.25-09.20.53:286][377]LogMaterial: Missing cached shader map for material FLightmassMaterialRenderer Asphalt2, compiling. 
[2017.04.25-09.20.53:293][377]LogMaterial: Missing cached shader map for material FLightmassMaterialRenderer Asphalt2, compiling. 
[2017.04.25-09.20.53:313][378]LogMaterial: Missing cached shader map for material FLightmassMaterialRenderer Asphalt5, compiling. 
[2017.04.25-09.20.53:322][378]LogMaterial: Missing cached shader map for material FLightmassMaterialRenderer Asphalt5, compiling. 
[2017.04.25-09.20.53:342][379]LogMaterial: Missing cached shader map for material FLightmassMaterialRenderer Car, compiling. 
[2017.04.25-09.20.53:351][379]LogMaterial: Missing cached shader map for material FLightmassMaterialRenderer Car, compiling. 
[2017.04.25-09.20.53:378][380]LogMaterial: Missing cached shader map for material FLightmassMaterialRenderer Window, compiling. 
[2017.04.25-09.20.53:389][380]LogMaterial: Missing cached shader map for material FLightmassMaterialRenderer Window, compiling. 
[2017.04.25-09.20.53:415][381]LogMaterial: Missing cached shader map for material FLightmassMaterialRenderer Mat, compiling. 
[2017.04.25-09.20.53:426][381]LogMaterial: Missing cached shader map for material FLightmassMaterialRenderer Mat, compiling. 
[2017.04.25-09.20.53:448][382]LogMaterial: Missing cached shader map for material FLightmassMaterialRenderer Mat_4, compiling. 
[2017.04.25-09.20.53:458][382]LogMaterial: Missing cached shader map for material FLightmassMaterialRenderer Mat_4, compiling. 
[2017.04.25-09.20.53:479][383]LogMaterial: Missing cached shader map for material FLightmassMaterialRenderer Mat_3, compiling. 
[2017.04.25-09.20.53:489][383]LogMaterial: Missing cached shader map for material FLightmassMaterialRenderer Mat_3, compiling. 
[2017.04.25-09.20.53:510][384]LogMaterial: Missing cached shader map for material FLightmassMaterialRenderer Mat_2, compiling. 
[2017.04.25-09.20.53:520][384]LogMaterial: Missing cached shader map for material FLightmassMaterialRenderer Mat_2, compiling. 
[2017.04.25-09.20.53:540][385]LogMaterial: Missing cached shader map for material FLightmassMaterialRenderer BasicShapeMaterial, compiling. 
[2017.04.25-09.20.53:550][385]LogMaterial: Missing cached shader map for material FLightmassMaterialRenderer BasicShapeMaterial, compiling. 
[2017.04.25-09.20.53:572][386]LogMaterial: Missing cached shader map for material FLightmassMaterialRenderer Mat, compiling. 
[2017.04.25-09.20.53:581][386]LogMaterial: Missing cached shader map for material FLightmassMaterialRenderer Mat, compiling. 
[2017.04.25-09.20.53:603][387]LogMaterial: Missing cached shader map for material FLightmassMaterialRenderer Mat_2, compiling. 
[2017.04.25-09.20.53:612][387]LogMaterial: Missing cached shader map for material FLightmassMaterialRenderer Mat_2, compiling. 
[2017.04.25-09.20.53:640][388]LogMaterial: Missing cached shader map for material FLightmassMaterialRenderer Bark_Mat, compiling. 
[2017.04.25-09.20.53:651][388]LogMaterial: Missing cached shader map for material FLightmassMaterialRenderer Bark_Mat, compiling. 
[2017.04.25-09.20.53:674][389]LogMaterial: Missing cached shader map for material FLightmassMaterialRenderer Blad_Mat, compiling. 
[2017.04.25-09.20.53:684][389]LogMaterial: Missing cached shader map for material FLightmassMaterialRenderer Blad_Mat, compiling. 
[2017.04.25-09.20.53:712][390]LogMaterial: Missing cached shader map for material FLightmassMaterialRenderer WorldGridMaterial, compiling. Is special engine material.
[2017.04.25-09.20.53:724][390]LogMaterial: Missing cached shader map for material FLightmassMaterialRenderer WorldGridMaterial, compiling. Is special engine material.
[2017.04.25-09.21.56:921][882]LightingResults:Warning: Warning car2_1 Object has overlapping UVs.
[2017.04.25-09.21.56:921][882]LightingResults: Info car2_1 Lightmap UV are overlapping by 51.3%. Please adjust content - Enable Error Coloring to visualize.
[2017.04.25-09.24.36:910][801]LightingResults:Warning: Warning testtree Object has overlapping UVs.
[2017.04.25-09.24.36:910][801]LightingResults: Info testtree Lightmap UV are overlapping by 100.0%. Please adjust content - Enable Error Coloring to visualize.
[2017.04.25-09.24.37:246][819]LightingResults:Warning: Warning testtree Object has overlapping UVs.
[2017.04.25-09.24.37:246][819]LightingResults: Info testtree Lightmap UV are overlapping by 100.0%. Please adjust content - Enable Error Coloring to visualize.
[2017.04.25-09.30.14:151][440]LogSavePackage: Save=1728.48ms
[2017.04.25-09.30.14:151][440]LogSavePackage: Moving '../../../../../../Bachelor/Bachelor/Bachelor/Saved/VRWorld_Auto12BF866B542F377F56B5261ACD959EDE8.tmp' to '../../../../../../Bachelor/Bachelor/Bachelor/Saved/Autosaves/Game/VirtualRealityBP/Maps/VRWorld_Auto1.umap'
[2017.04.25-09.30.14:153][440]LogSavePackage:Display: Finished SavePackage ../../../../../../Bachelor/Bachelor/Bachelor/Saved/Autosaves/Game/VirtualRealityBP/Maps/VRWorld_Auto1.umap
[2017.04.25-09.30.14:585][440]LogFileHelpers: Editor autosave (incl. sublevels) for '/Game/VirtualRealityBP/Maps/VRWorld' took 1.767
[2017.04.25-09.30.14:585][440]LogFileHelpers: Editor autosave (incl. sublevels) for all levels took 1.767
[2017.04.25-09.35.55:370][ 84]Job is a success!
[2017.04.25-09.35.55:376][ 84]LightingResults:Warning: Warning Busk Object has overlapping UVs.
[2017.04.25-09.35.55:376][ 84]LightingResults: Info Busk Lightmap UV are overlapping by 100.0%. Please adjust content - Enable Error Coloring to visualize.
[2017.04.25-09.35.57:304][ 85]LogTexture:Display: Building textures: HQ_Lightmap1_1 (AutoDXT)
[2017.04.25-09.35.57:304][ 85]LogTexture:Display: Building textures: LQ_Lightmap_1_1 (DXT1)
[2017.04.25-09.35.57:304][ 85]LogTexture:Display: Building textures: HQ_Lightmap1_2 (AutoDXT)
[2017.04.25-09.35.57:304][ 85]LogTexture:Display: Building textures: LQ_Lightmap_1_2 (DXT1)
[2017.04.25-09.35.57:304][ 85]LogTexture:Display: Building textures: HQ_Lightmap1_3 (AutoDXT)
[2017.04.25-09.35.57:304][ 85]LogTexture:Display: Building textures: LQ_Lightmap_1_3 (DXT1)
[2017.04.25-09.35.57:304][ 85]LogTexture:Display: Building textures: HQ_Lightmap1_4 (AutoDXT)
[2017.04.25-09.35.57:304][ 85]LogTexture:Display: Building textures: LQ_Lightmap_1_4 (DXT1)
[2017.04.25-09.35.57:304][ 85]LogTexture:Display: Building textures: HQ_Lightmap1_5 (AutoDXT)
[2017.04.25-09.35.57:304][ 85]LogTexture:Display: Building textures: LQ_Lightmap_1_5 (DXT1)
[2017.04.25-09.35.57:304][ 85]LogTexture:Display: Building textures: HQ_Lightmap1_6 (AutoDXT)
[2017.04.25-09.35.57:304][ 85]LogTexture:Display: Building textures: LQ_Lightmap_1_6 (DXT1)
[2017.04.25-09.35.57:304][ 85]LogTexture:Display: Building textures: HQ_Lightmap1_7 (AutoDXT)
[2017.04.25-09.35.57:304][ 85]LogTexture:Display: Building textures: LQ_Lightmap_1_7 (DXT1)
[2017.04.25-09.35.57:304][ 85]LogTexture:Display: Building textures: HQ_Lightmap1_8 (AutoDXT)
[2017.04.25-09.35.57:304][ 85]LogTexture:Display: Building textures: LQ_Lightmap_1_8 (DXT1)
[2017.04.25-09.35.57:304][ 85]LogTexture:Display: Building textures: HQ_Lightmap1_9 (AutoDXT)
[2017.04.25-09.35.57:304][ 85]LogTexture:Display: Building textures: LQ_Lightmap_1_9 (DXT1)
[2017.04.25-09.35.57:304][ 85]LogTexture:Display: Building textures: HQ_Lightmap1_10 (AutoDXT)
[2017.04.25-09.35.57:304][ 85]LogTexture:Display: Building textures: LQ_Lightmap_1_10 (DXT1)
[2017.04.25-09.35.57:304][ 85]LogTexture:Display: Building textures: HQ_Lightmap1_11 (AutoDXT)
[2017.04.25-09.35.57:304][ 85]LogTexture:Display: Building textures: LQ_Lightmap_1_11 (DXT1)
[2017.04.25-09.35.57:304][ 85]LogTexture:Display: Building textures: HQ_Lightmap1_12 (AutoDXT)
[2017.04.25-09.35.57:304][ 85]LogTexture:Display: Building textures: LQ_Lightmap_1_12 (DXT1)
[2017.04.25-09.35.57:304][ 85]LogTexture:Display: Building textures: HQ_Lightmap1_13 (AutoDXT)
[2017.04.25-09.35.57:304][ 85]LogTexture:Display: Building textures: LQ_Lightmap_1_13 (DXT1)
[2017.04.25-09.35.57:304][ 85]LogTexture:Display: Building textures: HQ_Lightmap1_14 (AutoDXT)
[2017.04.25-09.35.57:304][ 85]LogTexture:Display: Building textures: LQ_Lightmap_1_14 (DXT1)
[2017.04.25-09.35.57:304][ 85]LogTexture:Display: Building textures: HQ_Lightmap1_15 (AutoDXT)
[2017.04.25-09.35.57:304][ 85]LogTexture:Display: Building textures: LQ_Lightmap_1_15 (DXT1)
[2017.04.25-09.35.57:304][ 85]LogTexture:Display: Building textures: HQ_Lightmap1_16 (AutoDXT)
[2017.04.25-09.35.57:304][ 85]LogTexture:Display: Building textures: LQ_Lightmap_1_16 (DXT1)
[2017.04.25-09.35.57:304][ 85]LogTexture:Display: Building textures: HQ_Lightmap1_17 (AutoDXT)
[2017.04.25-09.35.57:304][ 85]LogTexture:Display: Building textures: LQ_Lightmap_1_17 (DXT1)
[2017.04.25-09.35.57:304][ 85]LogTexture:Display: Building textures: HQ_Lightmap1_18 (AutoDXT)
[2017.04.25-09.35.57:304][ 85]LogTexture:Display: Building textures: LQ_Lightmap_1_18 (DXT1)
[2017.04.25-09.35.57:304][ 85]LogTexture:Display: Building textures: HQ_Lightmap1_19 (AutoDXT)
[2017.04.25-09.35.57:304][ 85]LogTexture:Display: Building textures: LQ_Lightmap_1_19 (DXT1)
[2017.04.25-09.35.57:304][ 85]LogTexture:Display: Building textures: HQ_Lightmap1_20 (AutoDXT)
[2017.04.25-09.35.57:304][ 85]LogTexture:Display: Building textures: LQ_Lightmap_1_20 (DXT1)
[2017.04.25-09.35.57:304][ 85]LogTexture:Display: Building textures: HQ_Lightmap1_21 (AutoDXT)
[2017.04.25-09.35.57:304][ 85]LogTexture:Display: Building textures: LQ_Lightmap_1_21 (DXT1)
[2017.04.25-09.35.57:304][ 85]LogTexture:Display: Building textures: HQ_Lightmap1_22 (AutoDXT)
[2017.04.25-09.35.57:304][ 85]LogTexture:Display: Building textures: LQ_Lightmap_1_22 (DXT1)
[2017.04.25-09.35.57:304][ 85]LogTexture:Display: Building textures: HQ_Lightmap1_23 (AutoDXT)
[2017.04.25-09.35.57:304][ 85]LogTexture:Display: Building textures: LQ_Lightmap_1_23 (DXT1)
[2017.04.25-09.35.57:304][ 85]LogTexture:Display: Building textures: HQ_Lightmap1_24 (AutoDXT)
[2017.04.25-09.35.57:304][ 85]LogTexture:Display: Building textures: LQ_Lightmap_1_24 (DXT1)
[2017.04.25-09.35.57:304][ 85]LogTexture:Display: Building textures: HQ_Lightmap1_25 (AutoDXT)
[2017.04.25-09.35.57:304][ 85]LogTexture:Display: Building textures: LQ_Lightmap_1_25 (DXT1)
[2017.04.25-09.35.57:304][ 85]LogTexture:Display: Building textures: HQ_Lightmap1_26 (AutoDXT)
[2017.04.25-09.35.57:304][ 85]LogTexture:Display: Building textures: LQ_Lightmap_1_26 (DXT1)
[2017.04.25-09.35.57:304][ 85]LogTexture:Display: Building textures: HQ_Lightmap1_27 (AutoDXT)
[2017.04.25-09.35.57:304][ 85]LogTexture:Display: Building textures: LQ_Lightmap_1_27 (DXT1)
[2017.04.25-09.35.57:304][ 85]LogTexture:Display: Building textures: HQ_Lightmap1_28 (AutoDXT)
[2017.04.25-09.35.57:304][ 85]LogTexture:Display: Building textures: LQ_Lightmap_1_28 (DXT1)
[2017.04.25-09.35.57:304][ 85]LogTexture:Display: Building textures: HQ_Lightmap1_29 (AutoDXT)
[2017.04.25-09.35.57:304][ 85]LogTexture:Display: Building textures: LQ_Lightmap_1_29 (DXT1)
[2017.04.25-09.35.57:304][ 85]LogTexture:Display: Building textures: HQ_Lightmap0_30 (AutoDXT)
[2017.04.25-09.35.57:304][ 85]LogTexture:Display: Building textures: LQ_Lightmap_0_30 (DXT1)
[2017.04.25-09.35.57:304][ 85]LogTexture:Display: Building textures: HQ_Lightmap0_31 (AutoDXT)
[2017.04.25-09.35.57:304][ 85]LogTexture:Display: Building textures: LQ_Lightmap_0_31 (DXT1)
[2017.04.25-09.35.57:304][ 85]LogTexture:Display: Building textures: HQ_Lightmap0_32 (AutoDXT)
[2017.04.25-09.35.57:304][ 85]LogTexture:Display: Building textures: LQ_Lightmap_0_32 (DXT1)
[2017.04.25-09.35.57:927][ 85]LogTexture:Display: Building textures: ShadowMapTexture2D_0 (BGRA8)
[2017.04.25-09.35.57:927][ 85]LogTexture:Display: Building textures: ShadowMapTexture2D_1 (G8)
[2017.04.25-09.35.57:927][ 85]LogTexture:Display: Building textures: ShadowMapTexture2D_2 (G8)
[2017.04.25-09.35.57:927][ 85]LogTexture:Display: Building textures: ShadowMapTexture2D_3 (G8)
[2017.04.25-09.35.57:927][ 85]LogTexture:Display: Building textures: ShadowMapTexture2D_4 (G8)
[2017.04.25-09.35.57:927][ 85]LogTexture:Display: Building textures: ShadowMapTexture2D_5 (G8)
[2017.04.25-09.35.57:927][ 85]LogTexture:Display: Building textures: ShadowMapTexture2D_6 (G8)
[2017.04.25-09.35.57:927][ 85]LogTexture:Display: Building textures: ShadowMapTexture2D_7 (G8)
[2017.04.25-09.35.57:927][ 85]LogTexture:Display: Building textures: ShadowMapTexture2D_8 (G8)
[2017.04.25-09.35.57:927][ 85]LogTexture:Display: Building textures: ShadowMapTexture2D_9 (G8)
[2017.04.25-09.35.57:927][ 85]LogTexture:Display: Building textures: ShadowMapTexture2D_10 (G8)
[2017.04.25-09.35.57:927][ 85]LogTexture:Display: Building textures: ShadowMapTexture2D_11 (G8)
[2017.04.25-09.35.57:927][ 85]LogTexture:Display: Building textures: ShadowMapTexture2D_12 (G8)
[2017.04.25-09.35.57:927][ 85]LogTexture:Display: Building textures: ShadowMapTexture2D_13 (G8)
[2017.04.25-09.35.57:927][ 85]LogTexture:Display: Building textures: ShadowMapTexture2D_14 (G8)
[2017.04.25-09.35.57:927][ 85]LogTexture:Display: Building textures: ShadowMapTexture2D_15 (G8)
[2017.04.25-09.35.57:927][ 85]LogTexture:Display: Building textures: ShadowMapTexture2D_16 (G8)
[2017.04.25-09.35.57:927][ 85]LogTexture:Display: Building textures: ShadowMapTexture2D_17 (G8)
[2017.04.25-09.35.57:927][ 85]LogTexture:Display: Building textures: ShadowMapTexture2D_18 (G8)
[2017.04.25-09.35.57:927][ 85]LogTexture:Display: Building textures: ShadowMapTexture2D_19 (G8)
[2017.04.25-09.35.57:927][ 85]LogTexture:Display: Building textures: ShadowMapTexture2D_20 (G8)
[2017.04.25-09.35.57:927][ 85]LogTexture:Display: Building textures: ShadowMapTexture2D_21 (G8)
[2017.04.25-09.35.57:927][ 85]LogTexture:Display: Building textures: ShadowMapTexture2D_22 (G8)
[2017.04.25-09.35.57:927][ 85]LogTexture:Display: Building textures: ShadowMapTexture2D_23 (G8)
[2017.04.25-09.35.57:927][ 85]LogTexture:Display: Building textures: ShadowMapTexture2D_24 (G8)
[2017.04.25-09.35.57:927][ 85]LogTexture:Display: Building textures: ShadowMapTexture2D_25 (G8)
[2017.04.25-09.35.57:927][ 85]LogTexture:Display: Building textures: ShadowMapTexture2D_26 (G8)
[2017.04.25-09.35.57:927][ 85]LogTexture:Display: Building textures: ShadowMapTexture2D_27 (G8)
[2017.04.25-09.35.57:927][ 85]LogTexture:Display: Building textures: ShadowMapTexture2D_28 (G8)
[2017.04.25-09.35.57:927][ 85]LogTexture:Display: Building textures: ShadowMapTexture2D_29 (G8)
[2017.04.25-09.35.57:927][ 85]LogTexture:Display: Building textures: ShadowMapTexture2D_30 (G8)
[2017.04.25-09.35.57:927][ 85]LogTexture:Display: Building textures: ShadowMapTexture2D_31 (G8)
[2017.04.25-09.35.58:355][ 85]Lightmass on DESKTOP-FN49AV9: 14:17 min total, 3.27 sec importing, 1.13 sec setup, 11.0 sec photons, 14:01 min processing, 0 ms extra exporting [1043/1043 mappings]. Threads: 1:38:11 hours total, 21:19 min processing.
[2017.04.25-09.35.58:454][ 85]LogStaticLightingSystem: Illumination: 15:25 min (984 ms encoding lightmaps, 624 ms encoding shadowmaps)
[2017.04.25-09.35.58:454][ 85]LogStaticLightingSystem: Lightmap texture memory:  9.5 MB (9.5 MB streaming, 0.0 MB non-streaming), 64 textures
[2017.04.25-09.35.58:454][ 85]LogStaticLightingSystem: Shadowmap texture memory: 5.2 MB (5.2 MB streaming, 0.0 MB non-streaming), 32 textures
[2017.04.25-09.36.04:593][ 85]DumpUnbuiltLightIteractions
[2017.04.25-09.36.04:593][ 85]Lights with unbuilt interactions: 0
[2017.04.25-09.36.04:593][ 85]
[2017.04.25-09.36.04:593][ 85]Primitives with unbuilt interactions: 0
